[    1486ms] [LOG] [TABOOLA DEBUG SANDBOXED] - Extension Loaded @ https://www.velasca.com/web-pixels/strict/app/web-pixel-3427467651@256e0f107bfa102eabd3cbf632fd11d1.js:0
[    1559ms] [WARNING] An error occurred! For more details, see the full error text at https://go.apollo.dev/c/err#%7B%22version%22%3A%223.14.0%22%2C%22message%22%3A104%2C%22args%22%3A%5B%22ApolloClient%22%2C%22uri%22%2C%22Please%20initialize%20an%20instance%20of%20%60HttpLink%60%20with%20%60uri%60%20instead.%22%5D%7D @ https://www.velasca.com/cdn/shop/t/13/assets/app.js?v=152449706651675959301779886782:381
[    1559ms] [WARNING] An error occurred! For more details, see the full error text at https://go.apollo.dev/c/err#%7B%22version%22%3A%223.14.0%22%2C%22message%22%3A104%2C%22args%22%3A%5B%22ApolloClient%22%2C%22headers%22%2C%22Please%20initialize%20an%20instance%20of%20%60HttpLink%60%20with%20%60headers%60%20instead.%22%5D%7D @ https://www.velasca.com/cdn/shop/t/13/assets/app.js?v=152449706651675959301779886782:381
[    1559ms] [WARNING] An error occurred! For more details, see the full error text at https://go.apollo.dev/c/err#%7B%22version%22%3A%223.14.0%22%2C%22message%22%3A17%2C%22args%22%3A%5B%5D%7D @ https://www.velasca.com/cdn/shop/t/13/assets/app.js?v=152449706651675959301779886782:381
[    1729ms] [INFO] k-web-pixel-version 1 @ https://www.velasca.com/web-pixels/strict/app/web-pixel-3216834947@524f6c1ee37bacdca7657a665bdca589.js:0
[    2049ms] [WARNING] In a sandboxed environment, addEventListener may not behave as expected. @ https://www.velasca.com/cdn/wpm/s6aad4977wba422492pcfc93db9m5341e0bdm.js:0
[    2094ms] [LOG] [TABOOLA DEBUG SANDBOXED] - page_view: Before [[page_view]] @ https://www.velasca.com/web-pixels/strict/app/web-pixel-3427467651@256e0f107bfa102eabd3cbf632fd11d1.js:0
[    2104ms] [LOG] [TABOOLA DEBUG SANDBOXED] - page_view: After [[page_view]] @ https://www.velasca.com/web-pixels/strict/app/web-pixel-3427467651@256e0f107bfa102eabd3cbf632fd11d1.js:0
[    2157ms] [WARNING] In a sandboxed environment, addEventListener may not behave as expected. @ https://www.velasca.com/cdn/wpm/s6aad4977wba422492pcfc93db9m5341e0bdm.js:0
[    2226ms] [WARNING] In a sandboxed environment, addEventListener may not behave as expected. @ https://www.velasca.com/cdn/wpm/s6aad4977wba422492pcfc93db9m5341e0bdm.js:0
[    2326ms] [WARNING] In a sandboxed environment, addEventListener may not behave as expected. @ https://www.velasca.com/cdn/wpm/s6aad4977wba422492pcfc93db9m5341e0bdm.js:0
[    2440ms] [ERROR] Error: Message: Couldn't fetch the Instagram feed. 
 {
  "message": "Network Error",
  "name": "AxiosError",
  "stack": "AxiosError: Network Error\n    at XMLHttpRequest.<anonymous> (https://www.velasca.com/cdn/shop/t/13/assets/app.js?v=152449706651675959301779886782:256:143401)\n    at XMLHttpRequest.nrWrapper (https://www.velasca.com/:1216:17691)\n    at ft.request (https://www.velasca.com/cdn/shop/t/13/assets/app.js?v=152449706651675959301779886782:256:151475)",
  "config": {
    "transitional": {
      "silentJSONParsing": true,
      "forcedJSONParsing": true,
      "clarifyTimeoutError": false
    },
    "adapter": [
      "xhr",
      "http",
      "fetch"
    ],
    "transformRequest": [
      null
    ],
    "transformResponse": [
      null
    ],
    "timeout": 0,
    "xsrfCookieName": "XSRF-TOKEN",
    "xsrfHeaderName": "X-XSRF-TOKEN",
    "maxContentLength": -1,
    "maxBodyLength": -1,
    "env": {},
    "headers": {
      "Accept": "application/json, text/plain, */*"
    },
    "method": "get",
    "url": "https://d3ejra0xbg20rg.cloudfront.net/instagram/media?shop=us-velasca.myshopify.com&resource=default",
    "allowAbsoluteUrls": true
  },
  "code": "ERR_NETWORK"
} K @ https://www.velasca.com/cdn/shop/t/13/assets/app.js?v=152449706651675959301779886782:128
[    2444ms] [ERROR] Failed to load resource: net::ERR_NAME_NOT_RESOLVED @ https://d3ejra0xbg20rg.cloudfront.net/instagram/media?shop=us-velasca.myshopify.com&resource=default:0
[    2591ms] [LOG] [TABOOLA DEBUG] - Loading tfa.js @ https://spfy-pxl.archive-digger.com/assets/script_tag.js?shopId=us-velasca.myshopify.com&taboolaId=1522741&espd=true&ecav=true&eh=true&ess=true&ep=true&eatc=true&eprv=true&ecv=true&epv=true&esc=true&shop=us-velasca.myshopify.com:234
[    2591ms] [LOG] [TABOOLA DEBUG] - tfa.js Loaded successfully @ https://spfy-pxl.archive-digger.com/assets/script_tag.js?shopId=us-velasca.myshopify.com&taboolaId=1522741&espd=true&ecav=true&eh=true&ess=true&ep=true&eatc=true&eprv=true&ecv=true&epv=true&esc=true&shop=us-velasca.myshopify.com:244
[    2591ms] [LOG] [TABOOLA DEBUG] - HEALTH LOG - Before [[page_view]] - before_tfa @ https://spfy-pxl.archive-digger.com/assets/script_tag.js?shopId=us-velasca.myshopify.com&taboolaId=1522741&espd=true&ecav=true&eh=true&ess=true&ep=true&eatc=true&eprv=true&ecv=true&epv=true&esc=true&shop=us-velasca.myshopify.com:34
[    2595ms] [LOG] [TABOOLA DEBUG] - HEALTH LOG - After [[page_view]] - after_tfa @ https://spfy-pxl.archive-digger.com/assets/script_tag.js?shopId=us-velasca.myshopify.com&taboolaId=1522741&espd=true&ecav=true&eh=true&ess=true&ep=true&eatc=true&eprv=true&ecv=true&epv=true&esc=true&shop=us-velasca.myshopify.com:34
[    2596ms] [LOG] [TABOOLA DEBUG] - HEALTH LOG - Before [[page_view]] http method - before_http @ https://spfy-pxl.archive-digger.com/assets/script_tag.js?shopId=us-velasca.myshopify.com&taboolaId=1522741&espd=true&ecav=true&eh=true&ess=true&ep=true&eatc=true&eprv=true&ecv=true&epv=true&esc=true&shop=us-velasca.myshopify.com:34
[    2597ms] [LOG] [TABOOLA DEBUG] - HEALTH LOG - After [[page_view]] http method - after_http @ https://spfy-pxl.archive-digger.com/assets/script_tag.js?shopId=us-velasca.myshopify.com&taboolaId=1522741&espd=true&ecav=true&eh=true&ess=true&ep=true&eatc=true&eprv=true&ecv=true&epv=true&esc=true&shop=us-velasca.myshopify.com:34
[    7750ms] [WARNING] The resource https://fonts.gstatic.com/s/jost/v20/92zatBhPNqw73oTd4jQmfxI.woff2 was preloaded using link preload but not used within a few seconds from the window's load event. Please make sure it has an appropriate `as` value and it is preloaded intentionally. @ https://www.velasca.com/:0
[    7751ms] [WARNING] The resource https://cdn.iubenda.com/cs/tcf/stub.js was preloaded using link preload but not used within a few seconds from the window's load event. Please make sure it has an appropriate `as` value and it is preloaded intentionally. @ https://www.velasca.com/:0
[   11564ms] [LOG] Download the Apollo DevTools for a better development experience: %s https://chrome.google.com/webstore/detail/apollo-client-developer-t/jdkknkkbebbapilgoeccciglkfbmbnfm @ https://www.velasca.com/cdn/shop/t/13/assets/app.js?v=152449706651675959301779886782:381
[   16322ms] [WARNING] The resource https://fonts.gstatic.com/s/jost/v20/92zatBhPNqw73oTd4jQmfxI.woff2 was preloaded using link preload but not used within a few seconds from the window's load event. Please make sure it has an appropriate `as` value and it is preloaded intentionally. @ https://www.velasca.com/:0
[   16322ms] [WARNING] The resource https://cdn.iubenda.com/cs/tcf/stub.js was preloaded using link preload but not used within a few seconds from the window's load event. Please make sure it has an appropriate `as` value and it is preloaded intentionally. @ https://www.velasca.com/:0
[   25341ms] [WARNING] The resource https://fonts.gstatic.com/s/jost/v20/92zatBhPNqw73oTd4jQmfxI.woff2 was preloaded using link preload but not used within a few seconds from the window's load event. Please make sure it has an appropriate `as` value and it is preloaded intentionally. @ https://www.velasca.com/:0
[   25342ms] [WARNING] The resource https://cdn.iubenda.com/cs/tcf/stub.js was preloaded using link preload but not used within a few seconds from the window's load event. Please make sure it has an appropriate `as` value and it is preloaded intentionally. @ https://www.velasca.com/:0
[   36062ms] [WARNING] The resource https://fonts.gstatic.com/s/jost/v20/92zatBhPNqw73oTd4jQmfxI.woff2 was preloaded using link preload but not used within a few seconds from the window's load event. Please make sure it has an appropriate `as` value and it is preloaded intentionally. @ https://www.velasca.com/:0
[   36062ms] [WARNING] The resource https://cdn.iubenda.com/cs/tcf/stub.js was preloaded using link preload but not used within a few seconds from the window's load event. Please make sure it has an appropriate `as` value and it is preloaded intentionally. @ https://www.velasca.com/:0
[   40048ms] [WARNING] The resource https://fonts.gstatic.com/s/jost/v20/92zatBhPNqw73oTd4jQmfxI.woff2 was preloaded using link preload but not used within a few seconds from the window's load event. Please make sure it has an appropriate `as` value and it is preloaded intentionally. @ https://www.velasca.com/:0
[   40048ms] [WARNING] The resource https://cdn.iubenda.com/cs/tcf/stub.js was preloaded using link preload but not used within a few seconds from the window's load event. Please make sure it has an appropriate `as` value and it is preloaded intentionally. @ https://www.velasca.com/:0
[   45360ms] [WARNING] The resource https://fonts.gstatic.com/s/jost/v20/92zatBhPNqw73oTd4jQmfxI.woff2 was preloaded using link preload but not used within a few seconds from the window's load event. Please make sure it has an appropriate `as` value and it is preloaded intentionally. @ https://www.velasca.com/:0
[   45360ms] [WARNING] The resource https://cdn.iubenda.com/cs/tcf/stub.js was preloaded using link preload but not used within a few seconds from the window's load event. Please make sure it has an appropriate `as` value and it is preloaded intentionally. @ https://www.velasca.com/:0
[   55356ms] [WARNING] The resource https://fonts.gstatic.com/s/jost/v20/92zatBhPNqw73oTd4jQmfxI.woff2 was preloaded using link preload but not used within a few seconds from the window's load event. Please make sure it has an appropriate `as` value and it is preloaded intentionally. @ https://www.velasca.com/:0
[   55356ms] [WARNING] The resource https://cdn.iubenda.com/cs/tcf/stub.js was preloaded using link preload but not used within a few seconds from the window's load event. Please make sure it has an appropriate `as` value and it is preloaded intentionally. @ https://www.velasca.com/:0
[   65980ms] [WARNING] The resource https://fonts.gstatic.com/s/jost/v20/92zatBhPNqw73oTd4jQmfxI.woff2 was preloaded using link preload but not used within a few seconds from the window's load event. Please make sure it has an appropriate `as` value and it is preloaded intentionally. @ https://www.velasca.com/:0
[   65980ms] [WARNING] The resource https://cdn.iubenda.com/cs/tcf/stub.js was preloaded using link preload but not used within a few seconds from the window's load event. Please make sure it has an appropriate `as` value and it is preloaded intentionally. @ https://www.velasca.com/:0
[   70308ms] [WARNING] The resource https://fonts.gstatic.com/s/jost/v20/92zatBhPNqw73oTd4jQmfxI.woff2 was preloaded using link preload but not used within a few seconds from the window's load event. Please make sure it has an appropriate `as` value and it is preloaded intentionally. @ https://www.velasca.com/:0
[   70308ms] [WARNING] The resource https://cdn.iubenda.com/cs/tcf/stub.js was preloaded using link preload but not used within a few seconds from the window's load event. Please make sure it has an appropriate `as` value and it is preloaded intentionally. @ https://www.velasca.com/:0
[   75999ms] [WARNING] The resource https://fonts.gstatic.com/s/jost/v20/92zatBhPNqw73oTd4jQmfxI.woff2 was preloaded using link preload but not used within a few seconds from the window's load event. Please make sure it has an appropriate `as` value and it is preloaded intentionally. @ https://www.velasca.com/:0
[   75999ms] [WARNING] The resource https://cdn.iubenda.com/cs/tcf/stub.js was preloaded using link preload but not used within a few seconds from the window's load event. Please make sure it has an appropriate `as` value and it is preloaded intentionally. @ https://www.velasca.com/:0
[   79512ms] [WARNING] The resource https://fonts.gstatic.com/s/jost/v20/92zatBhPNqw73oTd4jQmfxI.woff2 was preloaded using link preload but not used within a few seconds from the window's load event. Please make sure it has an appropriate `as` value and it is preloaded intentionally. @ https://www.velasca.com/:0
[   79513ms] [WARNING] The resource https://cdn.iubenda.com/cs/tcf/stub.js was preloaded using link preload but not used within a few seconds from the window's load event. Please make sure it has an appropriate `as` value and it is preloaded intentionally. @ https://www.velasca.com/:0
[   86114ms] [WARNING] The resource https://fonts.gstatic.com/s/jost/v20/92zatBhPNqw73oTd4jQmfxI.woff2 was preloaded using link preload but not used within a few seconds from the window's load event. Please make sure it has an appropriate `as` value and it is preloaded intentionally. @ https://www.velasca.com/:0
[   86114ms] [WARNING] The resource https://cdn.iubenda.com/cs/tcf/stub.js was preloaded using link preload but not used within a few seconds from the window's load event. Please make sure it has an appropriate `as` value and it is preloaded intentionally. @ https://www.velasca.com/:0
[   95999ms] [WARNING] The resource https://fonts.gstatic.com/s/jost/v20/92zatBhPNqw73oTd4jQmfxI.woff2 was preloaded using link preload but not used within a few seconds from the window's load event. Please make sure it has an appropriate `as` value and it is preloaded intentionally. @ https://www.velasca.com/:0
[   95999ms] [WARNING] The resource https://cdn.iubenda.com/cs/tcf/stub.js was preloaded using link preload but not used within a few seconds from the window's load event. Please make sure it has an appropriate `as` value and it is preloaded intentionally. @ https://www.velasca.com/:0
[  126315ms] [WARNING] The resource https://fonts.gstatic.com/s/jost/v20/92zatBhPNqw73oTd4jQmfxI.woff2 was preloaded using link preload but not used within a few seconds from the window's load event. Please make sure it has an appropriate `as` value and it is preloaded intentionally. @ https://www.velasca.com/:0
[  133897ms] [WARNING] The resource https://fonts.gstatic.com/s/jost/v20/92zatBhPNqw73oTd4jQmfxI.woff2 was preloaded using link preload but not used within a few seconds from the window's load event. Please make sure it has an appropriate `as` value and it is preloaded intentionally. @ https://www.velasca.com/:0
[  146797ms] [WARNING] The resource https://fonts.gstatic.com/s/jost/v20/92zatBhPNqw73oTd4jQmfxI.woff2 was preloaded using link preload but not used within a few seconds from the window's load event. Please make sure it has an appropriate `as` value and it is preloaded intentionally. @ https://www.velasca.com/:0
[  156021ms] [WARNING] The resource https://fonts.gstatic.com/s/jost/v20/92zatBhPNqw73oTd4jQmfxI.woff2 was preloaded using link preload but not used within a few seconds from the window's load event. Please make sure it has an appropriate `as` value and it is preloaded intentionally. @ https://www.velasca.com/:0
[  161711ms] [WARNING] The resource https://fonts.gstatic.com/s/jost/v20/92zatBhPNqw73oTd4jQmfxI.woff2 was preloaded using link preload but not used within a few seconds from the window's load event. Please make sure it has an appropriate `as` value and it is preloaded intentionally. @ https://www.velasca.com/:0
[  186049ms] [WARNING] The resource https://fonts.gstatic.com/s/jost/v20/92zatBhPNqw73oTd4jQmfxI.woff2 was preloaded using link preload but not used within a few seconds from the window's load event. Please make sure it has an appropriate `as` value and it is preloaded intentionally. @ https://www.velasca.com/:0
[  216065ms] [WARNING] The resource https://fonts.gstatic.com/s/jost/v20/92zatBhPNqw73oTd4jQmfxI.woff2 was preloaded using link preload but not used within a few seconds from the window's load event. Please make sure it has an appropriate `as` value and it is preloaded intentionally. @ https://www.velasca.com/:0
[  222629ms] [WARNING] The resource https://fonts.gstatic.com/s/jost/v20/92zatBhPNqw73oTd4jQmfxI.woff2 was preloaded using link preload but not used within a few seconds from the window's load event. Please make sure it has an appropriate `as` value and it is preloaded intentionally. @ https://www.velasca.com/:0
[  246064ms] [WARNING] The resource https://fonts.gstatic.com/s/jost/v20/92zatBhPNqw73oTd4jQmfxI.woff2 was preloaded using link preload but not used within a few seconds from the window's load event. Please make sure it has an appropriate `as` value and it is preloaded intentionally. @ https://www.velasca.com/:0
[  277840ms] [WARNING] The resource https://fonts.gstatic.com/s/jost/v20/92zatBhPNqw73oTd4jQmfxI.woff2 was preloaded using link preload but not used within a few seconds from the window's load event. Please make sure it has an appropriate `as` value and it is preloaded intentionally. @ https://www.velasca.com/:0
[  282511ms] [WARNING] The resource https://fonts.gstatic.com/s/jost/v20/92zatBhPNqw73oTd4jQmfxI.woff2 was preloaded using link preload but not used within a few seconds from the window's load event. Please make sure it has an appropriate `as` value and it is preloaded intentionally. @ https://www.velasca.com/:0
[  306092ms] [WARNING] The resource https://fonts.gstatic.com/s/jost/v20/92zatBhPNqw73oTd4jQmfxI.woff2 was preloaded using link preload but not used within a few seconds from the window's load event. Please make sure it has an appropriate `as` value and it is preloaded intentionally. @ https://www.velasca.com/:0
[  336122ms] [WARNING] The resource https://fonts.gstatic.com/s/jost/v20/92zatBhPNqw73oTd4jQmfxI.woff2 was preloaded using link preload but not used within a few seconds from the window's load event. Please make sure it has an appropriate `as` value and it is preloaded intentionally. @ https://www.velasca.com/:0
[  343569ms] [WARNING] The resource https://fonts.gstatic.com/s/jost/v20/92zatBhPNqw73oTd4jQmfxI.woff2 was preloaded using link preload but not used within a few seconds from the window's load event. Please make sure it has an appropriate `as` value and it is preloaded intentionally. @ https://www.velasca.com/:0
[  366138ms] [WARNING] The resource https://fonts.gstatic.com/s/jost/v20/92zatBhPNqw73oTd4jQmfxI.woff2 was preloaded using link preload but not used within a few seconds from the window's load event. Please make sure it has an appropriate `as` value and it is preloaded intentionally. @ https://www.velasca.com/:0
[  380776ms] [WARNING] The resource https://fonts.gstatic.com/s/jost/v20/92zatBhPNqw73oTd4jQmfxI.woff2 was preloaded using link preload but not used within a few seconds from the window's load event. Please make sure it has an appropriate `as` value and it is preloaded intentionally. @ https://www.velasca.com/:0
[  396156ms] [WARNING] The resource https://fonts.gstatic.com/s/jost/v20/92zatBhPNqw73oTd4jQmfxI.woff2 was preloaded using link preload but not used within a few seconds from the window's load event. Please make sure it has an appropriate `as` value and it is preloaded intentionally. @ https://www.velasca.com/:0
[  426186ms] [WARNING] The resource https://fonts.gstatic.com/s/jost/v20/92zatBhPNqw73oTd4jQmfxI.woff2 was preloaded using link preload but not used within a few seconds from the window's load event. Please make sure it has an appropriate `as` value and it is preloaded intentionally. @ https://www.velasca.com/:0
[  441481ms] [WARNING] The resource https://fonts.gstatic.com/s/jost/v20/92zatBhPNqw73oTd4jQmfxI.woff2 was preloaded using link preload but not used within a few seconds from the window's load event. Please make sure it has an appropriate `as` value and it is preloaded intentionally. @ https://www.velasca.com/:0
[  456191ms] [WARNING] The resource https://fonts.gstatic.com/s/jost/v20/92zatBhPNqw73oTd4jQmfxI.woff2 was preloaded using link preload but not used within a few seconds from the window's load event. Please make sure it has an appropriate `as` value and it is preloaded intentionally. @ https://www.velasca.com/:0
[  486215ms] [WARNING] The resource https://fonts.gstatic.com/s/jost/v20/92zatBhPNqw73oTd4jQmfxI.woff2 was preloaded using link preload but not used within a few seconds from the window's load event. Please make sure it has an appropriate `as` value and it is preloaded intentionally. @ https://www.velasca.com/:0
[  502491ms] [WARNING] The resource https://fonts.gstatic.com/s/jost/v20/92zatBhPNqw73oTd4jQmfxI.woff2 was preloaded using link preload but not used within a few seconds from the window's load event. Please make sure it has an appropriate `as` value and it is preloaded intentionally. @ https://www.velasca.com/:0
[  516224ms] [WARNING] The resource https://fonts.gstatic.com/s/jost/v20/92zatBhPNqw73oTd4jQmfxI.woff2 was preloaded using link preload but not used within a few seconds from the window's load event. Please make sure it has an appropriate `as` value and it is preloaded intentionally. @ https://www.velasca.com/:0
[  546241ms] [WARNING] The resource https://fonts.gstatic.com/s/jost/v20/92zatBhPNqw73oTd4jQmfxI.woff2 was preloaded using link preload but not used within a few seconds from the window's load event. Please make sure it has an appropriate `as` value and it is preloaded intentionally. @ https://www.velasca.com/:0
[  563496ms] [WARNING] The resource https://fonts.gstatic.com/s/jost/v20/92zatBhPNqw73oTd4jQmfxI.woff2 was preloaded using link preload but not used within a few seconds from the window's load event. Please make sure it has an appropriate `as` value and it is preloaded intentionally. @ https://www.velasca.com/:0
[  580366ms] [WARNING] The resource https://fonts.gstatic.com/s/jost/v20/92zatBhPNqw73oTd4jQmfxI.woff2 was preloaded using link preload but not used within a few seconds from the window's load event. Please make sure it has an appropriate `as` value and it is preloaded intentionally. @ https://www.velasca.com/:0
[  606280ms] [WARNING] The resource https://fonts.gstatic.com/s/jost/v20/92zatBhPNqw73oTd4jQmfxI.woff2 was preloaded using link preload but not used within a few seconds from the window's load event. Please make sure it has an appropriate `as` value and it is preloaded intentionally. @ https://www.velasca.com/:0
[  624539ms] [WARNING] The resource https://fonts.gstatic.com/s/jost/v20/92zatBhPNqw73oTd4jQmfxI.woff2 was preloaded using link preload but not used within a few seconds from the window's load event. Please make sure it has an appropriate `as` value and it is preloaded intentionally. @ https://www.velasca.com/:0
[  636276ms] [WARNING] The resource https://fonts.gstatic.com/s/jost/v20/92zatBhPNqw73oTd4jQmfxI.woff2 was preloaded using link preload but not used within a few seconds from the window's load event. Please make sure it has an appropriate `as` value and it is preloaded intentionally. @ https://www.velasca.com/:0
[  642293ms] [WARNING] The resource https://fonts.gstatic.com/s/jost/v20/92zatBhPNqw73oTd4jQmfxI.woff2 was preloaded using link preload but not used within a few seconds from the window's load event. Please make sure it has an appropriate `as` value and it is preloaded intentionally. @ https://www.velasca.com/:0
[  661875ms] [WARNING] The resource https://fonts.gstatic.com/s/jost/v20/92zatBhPNqw73oTd4jQmfxI.woff2 was preloaded using link preload but not used within a few seconds from the window's load event. Please make sure it has an appropriate `as` value and it is preloaded intentionally. @ https://www.velasca.com/:0
[  668491ms] [WARNING] The resource https://fonts.gstatic.com/s/jost/v20/92zatBhPNqw73oTd4jQmfxI.woff2 was preloaded using link preload but not used within a few seconds from the window's load event. Please make sure it has an appropriate `as` value and it is preloaded intentionally. @ https://www.velasca.com/:0
[  696308ms] [WARNING] The resource https://fonts.gstatic.com/s/jost/v20/92zatBhPNqw73oTd4jQmfxI.woff2 was preloaded using link preload but not used within a few seconds from the window's load event. Please make sure it has an appropriate `as` value and it is preloaded intentionally. @ https://www.velasca.com/:0
