[   11922ms] [WARNING] An error occurred! For more details, see the full error text at https://go.apollo.dev/c/err#%7B%22version%22%3A%223.14.0%22%2C%22message%22%3A104%2C%22args%22%3A%5B%22ApolloClient%22%2C%22uri%22%2C%22Please%20initialize%20an%20instance%20of%20%60HttpLink%60%20with%20%60uri%60%20instead.%22%5D%7D @ https://www.velasca.com/cdn/shop/t/13/assets/app.js?v=152449706651675959301779886782:381
[   11922ms] [WARNING] An error occurred! For more details, see the full error text at https://go.apollo.dev/c/err#%7B%22version%22%3A%223.14.0%22%2C%22message%22%3A104%2C%22args%22%3A%5B%22ApolloClient%22%2C%22headers%22%2C%22Please%20initialize%20an%20instance%20of%20%60HttpLink%60%20with%20%60headers%60%20instead.%22%5D%7D @ https://www.velasca.com/cdn/shop/t/13/assets/app.js?v=152449706651675959301779886782:381
[   11922ms] [WARNING] An error occurred! For more details, see the full error text at https://go.apollo.dev/c/err#%7B%22version%22%3A%223.14.0%22%2C%22message%22%3A17%2C%22args%22%3A%5B%5D%7D @ https://www.velasca.com/cdn/shop/t/13/assets/app.js?v=152449706651675959301779886782:381
[   14192ms] [LOG] [TABOOLA DEBUG SANDBOXED] - Extension Loaded @ https://www.velasca.com/web-pixels/strict/app/web-pixel-3427467651@256e0f107bfa102eabd3cbf632fd11d1.js:0
[   14193ms] [INFO] k-web-pixel-version 1 @ https://www.velasca.com/web-pixels/strict/app/web-pixel-3216834947@524f6c1ee37bacdca7657a665bdca589.js:0
[   14203ms] [LOG] [TABOOLA DEBUG SANDBOXED] - page_view: Before [[page_view]] @ https://www.velasca.com/web-pixels/strict/app/web-pixel-3427467651@256e0f107bfa102eabd3cbf632fd11d1.js:0
[   14205ms] [LOG] [TABOOLA DEBUG SANDBOXED] - page_view: After [[page_view]] @ https://www.velasca.com/web-pixels/strict/app/web-pixel-3427467651@256e0f107bfa102eabd3cbf632fd11d1.js:0
[   14628ms] [ERROR] Error: Message: Couldn't fetch the Instagram feed. 
 {
  "message": "Network Error",
  "name": "AxiosError",
  "stack": "AxiosError: Network Error\n    at m.onerror (https://www.velasca.com/cdn/shop/t/13/assets/app.js?v=152449706651675959301779886782:256:143401)\n    at XMLHttpRequest.nrWrapper (https://www.velasca.com/:1216:17691)\n    at ft.request (https://www.velasca.com/cdn/shop/t/13/assets/app.js?v=152449706651675959301779886782:256:151475)",
  "config": {
    "transitional": {
      "silentJSONParsing": true,
      "forcedJSONParsing": true,
      "clarifyTimeoutError": false
    },
    "adapter": [
      "xhr",
      "http",
      "fetch"
    ],
    "transformRequest": [
      null
    ],
    "transformResponse": [
      null
    ],
    "timeout": 0,
    "xsrfCookieName": "XSRF-TOKEN",
    "xsrfHeaderName": "X-XSRF-TOKEN",
    "maxContentLength": -1,
    "maxBodyLength": -1,
    "env": {},
    "headers": {
      "Accept": "application/json, text/plain, */*"
    },
    "method": "get",
    "url": "https://d3ejra0xbg20rg.cloudfront.net/instagram/media?shop=us-velasca.myshopify.com&resource=default",
    "allowAbsoluteUrls": true
  },
  "code": "ERR_NETWORK"
} K @ https://www.velasca.com/cdn/shop/t/13/assets/app.js?v=152449706651675959301779886782:128
[   14628ms] [ERROR] Failed to load resource: net::ERR_NAME_NOT_RESOLVED @ https://d3ejra0xbg20rg.cloudfront.net/instagram/media?shop=us-velasca.myshopify.com&resource=default:0
[   16409ms] [WARNING] In a sandboxed environment, addEventListener may not behave as expected. @ https://www.velasca.com/cdn/wpm/s6aad4977wba422492pcfc93db9m5341e0bdm.js:0
[   16527ms] [WARNING] In a sandboxed environment, addEventListener may not behave as expected. @ https://www.velasca.com/cdn/wpm/s6aad4977wba422492pcfc93db9m5341e0bdm.js:0
[   16574ms] [WARNING] In a sandboxed environment, addEventListener may not behave as expected. @ https://www.velasca.com/cdn/wpm/s6aad4977wba422492pcfc93db9m5341e0bdm.js:0
[   16678ms] [ERROR] {error: Error: Timeout
    at https://www.velasca.com/cdn/shop/t/13/assets/function-effect.min.js?v=7485368…} @ https://www.velasca.com/cdn/shop/t/13/assets/function-effect.min.js?v=74853680015151298291759928667:0
[   16693ms] [WARNING] In a sandboxed environment, addEventListener may not behave as expected. @ https://www.velasca.com/cdn/wpm/s6aad4977wba422492pcfc93db9m5341e0bdm.js:0
[   21927ms] [LOG] Download the Apollo DevTools for a better development experience: %s https://chrome.google.com/webstore/detail/apollo-client-developer-t/jdkknkkbebbapilgoeccciglkfbmbnfm @ https://www.velasca.com/cdn/shop/t/13/assets/app.js?v=152449706651675959301779886782:381
[   31339ms] [WARNING] The resource https://fonts.gstatic.com/s/jost/v20/92zatBhPNqw73oTd4jQmfxI.woff2 was preloaded using link preload but not used within a few seconds from the window's load event. Please make sure it has an appropriate `as` value and it is preloaded intentionally. @ https://www.velasca.com/:0
[   31339ms] [WARNING] The resource https://cdn.iubenda.com/cs/tcf/stub.js was preloaded using link preload but not used within a few seconds from the window's load event. Please make sure it has an appropriate `as` value and it is preloaded intentionally. @ https://www.velasca.com/:0
[   33613ms] [LOG] [TABOOLA DEBUG] - Loading tfa.js @ https://spfy-pxl.archive-digger.com/assets/script_tag.js?shopId=us-velasca.myshopify.com&taboolaId=1522741&espd=true&ecav=true&eh=true&ess=true&ep=true&eatc=true&eprv=true&ecv=true&epv=true&esc=true&shop=us-velasca.myshopify.com:234
[   33613ms] [LOG] [TABOOLA DEBUG] - tfa.js Loaded successfully @ https://spfy-pxl.archive-digger.com/assets/script_tag.js?shopId=us-velasca.myshopify.com&taboolaId=1522741&espd=true&ecav=true&eh=true&ess=true&ep=true&eatc=true&eprv=true&ecv=true&epv=true&esc=true&shop=us-velasca.myshopify.com:244
[   33613ms] [LOG] [TABOOLA DEBUG] - HEALTH LOG - Before [[page_view]] - before_tfa @ https://spfy-pxl.archive-digger.com/assets/script_tag.js?shopId=us-velasca.myshopify.com&taboolaId=1522741&espd=true&ecav=true&eh=true&ess=true&ep=true&eatc=true&eprv=true&ecv=true&epv=true&esc=true&shop=us-velasca.myshopify.com:34
[   33616ms] [LOG] [TABOOLA DEBUG] - HEALTH LOG - After [[page_view]] - after_tfa @ https://spfy-pxl.archive-digger.com/assets/script_tag.js?shopId=us-velasca.myshopify.com&taboolaId=1522741&espd=true&ecav=true&eh=true&ess=true&ep=true&eatc=true&eprv=true&ecv=true&epv=true&esc=true&shop=us-velasca.myshopify.com:34
[   33617ms] [LOG] [TABOOLA DEBUG] - HEALTH LOG - Before [[page_view]] http method - before_http @ https://spfy-pxl.archive-digger.com/assets/script_tag.js?shopId=us-velasca.myshopify.com&taboolaId=1522741&espd=true&ecav=true&eh=true&ess=true&ep=true&eatc=true&eprv=true&ecv=true&epv=true&esc=true&shop=us-velasca.myshopify.com:34
[   33618ms] [LOG] [TABOOLA DEBUG] - HEALTH LOG - After [[page_view]] http method - after_http @ https://spfy-pxl.archive-digger.com/assets/script_tag.js?shopId=us-velasca.myshopify.com&taboolaId=1522741&espd=true&ecav=true&eh=true&ess=true&ep=true&eatc=true&eprv=true&ecv=true&epv=true&esc=true&shop=us-velasca.myshopify.com:34
[   52442ms] [WARNING] The resource https://fonts.gstatic.com/s/jost/v20/92zatBhPNqw73oTd4jQmfxI.woff2 was preloaded using link preload but not used within a few seconds from the window's load event. Please make sure it has an appropriate `as` value and it is preloaded intentionally. @ https://www.velasca.com/:0
[   52442ms] [WARNING] The resource https://cdn.iubenda.com/cs/tcf/stub.js was preloaded using link preload but not used within a few seconds from the window's load event. Please make sure it has an appropriate `as` value and it is preloaded intentionally. @ https://www.velasca.com/:0
[   67165ms] [WARNING] The resource https://fonts.gstatic.com/s/jost/v20/92zatBhPNqw73oTd4jQmfxI.woff2 was preloaded using link preload but not used within a few seconds from the window's load event. Please make sure it has an appropriate `as` value and it is preloaded intentionally. @ https://www.velasca.com/:0
[   67165ms] [WARNING] The resource https://cdn.iubenda.com/cs/tcf/stub.js was preloaded using link preload but not used within a few seconds from the window's load event. Please make sure it has an appropriate `as` value and it is preloaded intentionally. @ https://www.velasca.com/:0
[   71388ms] [WARNING] The resource https://fonts.gstatic.com/s/jost/v20/92zatBhPNqw73oTd4jQmfxI.woff2 was preloaded using link preload but not used within a few seconds from the window's load event. Please make sure it has an appropriate `as` value and it is preloaded intentionally. @ https://www.velasca.com/:0
[   71388ms] [WARNING] The resource https://cdn.iubenda.com/cs/tcf/stub.js was preloaded using link preload but not used within a few seconds from the window's load event. Please make sure it has an appropriate `as` value and it is preloaded intentionally. @ https://www.velasca.com/:0
[   79861ms] [WARNING] The resource https://fonts.gstatic.com/s/jost/v20/92zatBhPNqw73oTd4jQmfxI.woff2 was preloaded using link preload but not used within a few seconds from the window's load event. Please make sure it has an appropriate `as` value and it is preloaded intentionally. @ https://www.velasca.com/:0
[   79861ms] [WARNING] The resource https://cdn.iubenda.com/cs/tcf/stub.js was preloaded using link preload but not used within a few seconds from the window's load event. Please make sure it has an appropriate `as` value and it is preloaded intentionally. @ https://www.velasca.com/:0
[   97051ms] [WARNING] The resource https://fonts.gstatic.com/s/jost/v20/92zatBhPNqw73oTd4jQmfxI.woff2 was preloaded using link preload but not used within a few seconds from the window's load event. Please make sure it has an appropriate `as` value and it is preloaded intentionally. @ https://www.velasca.com/:0
[   97051ms] [WARNING] The resource https://cdn.iubenda.com/cs/tcf/stub.js was preloaded using link preload but not used within a few seconds from the window's load event. Please make sure it has an appropriate `as` value and it is preloaded intentionally. @ https://www.velasca.com/:0
[  123259ms] [WARNING] The resource https://fonts.gstatic.com/s/jost/v20/92zatBhPNqw73oTd4jQmfxI.woff2 was preloaded using link preload but not used within a few seconds from the window's load event. Please make sure it has an appropriate `as` value and it is preloaded intentionally. @ https://www.velasca.com/:0
[  123259ms] [WARNING] The resource https://cdn.iubenda.com/cs/tcf/stub.js was preloaded using link preload but not used within a few seconds from the window's load event. Please make sure it has an appropriate `as` value and it is preloaded intentionally. @ https://www.velasca.com/:0
[  140259ms] [WARNING] The resource https://fonts.gstatic.com/s/jost/v20/92zatBhPNqw73oTd4jQmfxI.woff2 was preloaded using link preload but not used within a few seconds from the window's load event. Please make sure it has an appropriate `as` value and it is preloaded intentionally. @ https://www.velasca.com/:0
[  140259ms] [WARNING] The resource https://cdn.iubenda.com/cs/tcf/stub.js was preloaded using link preload but not used within a few seconds from the window's load event. Please make sure it has an appropriate `as` value and it is preloaded intentionally. @ https://www.velasca.com/:0
[  144000ms] [WARNING] The resource https://fonts.gstatic.com/s/jost/v20/92zatBhPNqw73oTd4jQmfxI.woff2 was preloaded using link preload but not used within a few seconds from the window's load event. Please make sure it has an appropriate `as` value and it is preloaded intentionally. @ https://www.velasca.com/:0
[  144000ms] [WARNING] The resource https://cdn.iubenda.com/cs/tcf/stub.js was preloaded using link preload but not used within a few seconds from the window's load event. Please make sure it has an appropriate `as` value and it is preloaded intentionally. @ https://www.velasca.com/:0
[  160772ms] [WARNING] The resource https://fonts.gstatic.com/s/jost/v20/92zatBhPNqw73oTd4jQmfxI.woff2 was preloaded using link preload but not used within a few seconds from the window's load event. Please make sure it has an appropriate `as` value and it is preloaded intentionally. @ https://www.velasca.com/:0
[  160773ms] [WARNING] The resource https://cdn.iubenda.com/cs/tcf/stub.js was preloaded using link preload but not used within a few seconds from the window's load event. Please make sure it has an appropriate `as` value and it is preloaded intentionally. @ https://www.velasca.com/:0
[  164276ms] [WARNING] The resource https://fonts.gstatic.com/s/jost/v20/92zatBhPNqw73oTd4jQmfxI.woff2 was preloaded using link preload but not used within a few seconds from the window's load event. Please make sure it has an appropriate `as` value and it is preloaded intentionally. @ https://www.velasca.com/:0
[  164276ms] [WARNING] The resource https://cdn.iubenda.com/cs/tcf/stub.js was preloaded using link preload but not used within a few seconds from the window's load event. Please make sure it has an appropriate `as` value and it is preloaded intentionally. @ https://www.velasca.com/:0
