[    2363ms] [WARNING] An error occurred! For more details, see the full error text at https://go.apollo.dev/c/err#%7B%22version%22%3A%223.14.0%22%2C%22message%22%3A104%2C%22args%22%3A%5B%22ApolloClient%22%2C%22uri%22%2C%22Please%20initialize%20an%20instance%20of%20%60HttpLink%60%20with%20%60uri%60%20instead.%22%5D%7D @ https://www.velasca.com/cdn/shop/t/13/assets/app.js?v=152449706651675959301779886782:381
[    2363ms] [WARNING] An error occurred! For more details, see the full error text at https://go.apollo.dev/c/err#%7B%22version%22%3A%223.14.0%22%2C%22message%22%3A104%2C%22args%22%3A%5B%22ApolloClient%22%2C%22headers%22%2C%22Please%20initialize%20an%20instance%20of%20%60HttpLink%60%20with%20%60headers%60%20instead.%22%5D%7D @ https://www.velasca.com/cdn/shop/t/13/assets/app.js?v=152449706651675959301779886782:381
[    2364ms] [WARNING] An error occurred! For more details, see the full error text at https://go.apollo.dev/c/err#%7B%22version%22%3A%223.14.0%22%2C%22message%22%3A17%2C%22args%22%3A%5B%5D%7D @ https://www.velasca.com/cdn/shop/t/13/assets/app.js?v=152449706651675959301779886782:381
[    2485ms] [LOG] [TABOOLA DEBUG SANDBOXED] - Extension Loaded @ https://www.velasca.com/web-pixels/strict/app/web-pixel-3427467651@256e0f107bfa102eabd3cbf632fd11d1.js:0
[    2563ms] [INFO] k-web-pixel-version 1 @ https://www.velasca.com/web-pixels/strict/app/web-pixel-3216834947@524f6c1ee37bacdca7657a665bdca589.js:0
[    2618ms] [LOG] [TABOOLA DEBUG SANDBOXED] - page_view: Before [[page_view]] @ https://www.velasca.com/web-pixels/strict/app/web-pixel-3427467651@256e0f107bfa102eabd3cbf632fd11d1.js:0
[    2621ms] [LOG] [TABOOLA DEBUG SANDBOXED] - page_view: After [[page_view]] @ https://www.velasca.com/web-pixels/strict/app/web-pixel-3427467651@256e0f107bfa102eabd3cbf632fd11d1.js:0
[    3075ms] [ERROR] Error: Message: Couldn't fetch the Instagram feed. 
 {
  "message": "Network Error",
  "name": "AxiosError",
  "stack": "AxiosError: Network Error\n    at XMLHttpRequest.<anonymous> (https://www.velasca.com/cdn/shop/t/13/assets/app.js?v=152449706651675959301779886782:256:143401)\n    at XMLHttpRequest.nrWrapper (https://www.velasca.com/:1216:17691)\n    at ft.request (https://www.velasca.com/cdn/shop/t/13/assets/app.js?v=152449706651675959301779886782:256:151475)",
  "config": {
    "transitional": {
      "silentJSONParsing": true,
      "forcedJSONParsing": true,
      "clarifyTimeoutError": false
    },
    "adapter": [
      "xhr",
      "http",
      "fetch"
    ],
    "transformRequest": [
      null
    ],
    "transformResponse": [
      null
    ],
    "timeout": 0,
    "xsrfCookieName": "XSRF-TOKEN",
    "xsrfHeaderName": "X-XSRF-TOKEN",
    "maxContentLength": -1,
    "maxBodyLength": -1,
    "env": {},
    "headers": {
      "Accept": "application/json, text/plain, */*"
    },
    "method": "get",
    "url": "https://d3ejra0xbg20rg.cloudfront.net/instagram/media?shop=us-velasca.myshopify.com&resource=default",
    "allowAbsoluteUrls": true
  },
  "code": "ERR_NETWORK"
} K @ https://www.velasca.com/cdn/shop/t/13/assets/app.js?v=152449706651675959301779886782:128
[    3075ms] [ERROR] Failed to load resource: net::ERR_NAME_NOT_RESOLVED @ https://d3ejra0xbg20rg.cloudfront.net/instagram/media?shop=us-velasca.myshopify.com&resource=default:0
[    5176ms] [WARNING] In a sandboxed environment, addEventListener may not behave as expected. @ https://www.velasca.com/cdn/wpm/sb2423595wb67a1977p8b578d23m1ed5a501m.js:0
[    5478ms] [WARNING] In a sandboxed environment, addEventListener may not behave as expected. @ https://www.velasca.com/cdn/wpm/sb2423595wb67a1977p8b578d23m1ed5a501m.js:0
[    5571ms] [WARNING] In a sandboxed environment, addEventListener may not behave as expected. @ https://www.velasca.com/cdn/wpm/sb2423595wb67a1977p8b578d23m1ed5a501m.js:0
[    6245ms] [WARNING] In a sandboxed environment, addEventListener may not behave as expected. @ https://www.velasca.com/cdn/wpm/sb2423595wb67a1977p8b578d23m1ed5a501m.js:0
[    6660ms] [LOG] [TABOOLA DEBUG] - Loading tfa.js @ https://spfy-pxl.archive-digger.com/assets/script_tag.js?shopId=us-velasca.myshopify.com&taboolaId=1522741&espd=true&ecav=true&eh=true&ess=true&ep=true&eatc=true&eprv=true&ecv=true&epv=true&esc=true&shop=us-velasca.myshopify.com:234
[    6661ms] [LOG] [TABOOLA DEBUG] - tfa.js Loaded successfully @ https://spfy-pxl.archive-digger.com/assets/script_tag.js?shopId=us-velasca.myshopify.com&taboolaId=1522741&espd=true&ecav=true&eh=true&ess=true&ep=true&eatc=true&eprv=true&ecv=true&epv=true&esc=true&shop=us-velasca.myshopify.com:244
[    6661ms] [LOG] [TABOOLA DEBUG] - HEALTH LOG - Before [[page_view]] - before_tfa @ https://spfy-pxl.archive-digger.com/assets/script_tag.js?shopId=us-velasca.myshopify.com&taboolaId=1522741&espd=true&ecav=true&eh=true&ess=true&ep=true&eatc=true&eprv=true&ecv=true&epv=true&esc=true&shop=us-velasca.myshopify.com:34
[    6664ms] [LOG] [TABOOLA DEBUG] - HEALTH LOG - After [[page_view]] - after_tfa @ https://spfy-pxl.archive-digger.com/assets/script_tag.js?shopId=us-velasca.myshopify.com&taboolaId=1522741&espd=true&ecav=true&eh=true&ess=true&ep=true&eatc=true&eprv=true&ecv=true&epv=true&esc=true&shop=us-velasca.myshopify.com:34
[    6664ms] [LOG] [TABOOLA DEBUG] - HEALTH LOG - Before [[page_view]] http method - before_http @ https://spfy-pxl.archive-digger.com/assets/script_tag.js?shopId=us-velasca.myshopify.com&taboolaId=1522741&espd=true&ecav=true&eh=true&ess=true&ep=true&eatc=true&eprv=true&ecv=true&epv=true&esc=true&shop=us-velasca.myshopify.com:34
[    6665ms] [LOG] [TABOOLA DEBUG] - HEALTH LOG - After [[page_view]] http method - after_http @ https://spfy-pxl.archive-digger.com/assets/script_tag.js?shopId=us-velasca.myshopify.com&taboolaId=1522741&espd=true&ecav=true&eh=true&ess=true&ep=true&eatc=true&eprv=true&ecv=true&epv=true&esc=true&shop=us-velasca.myshopify.com:34
[   12368ms] [LOG] Download the Apollo DevTools for a better development experience: %s https://chrome.google.com/webstore/detail/apollo-client-developer-t/jdkknkkbebbapilgoeccciglkfbmbnfm @ https://www.velasca.com/cdn/shop/t/13/assets/app.js?v=152449706651675959301779886782:381
[   15255ms] [WARNING] The resource https://fonts.gstatic.com/s/jost/v20/92zatBhPNqw73oTd4jQmfxI.woff2 was preloaded using link preload but not used within a few seconds from the window's load event. Please make sure it has an appropriate `as` value and it is preloaded intentionally. @ https://www.velasca.com/:0
[   15256ms] [WARNING] The resource https://cdn.iubenda.com/cs/tcf/stub.js was preloaded using link preload but not used within a few seconds from the window's load event. Please make sure it has an appropriate `as` value and it is preloaded intentionally. @ https://www.velasca.com/:0
[   40992ms] [WARNING] The resource https://fonts.gstatic.com/s/jost/v20/92zatBhPNqw73oTd4jQmfxI.woff2 was preloaded using link preload but not used within a few seconds from the window's load event. Please make sure it has an appropriate `as` value and it is preloaded intentionally. @ https://www.velasca.com/:0
[   40992ms] [WARNING] The resource https://cdn.iubenda.com/cs/tcf/stub.js was preloaded using link preload but not used within a few seconds from the window's load event. Please make sure it has an appropriate `as` value and it is preloaded intentionally. @ https://www.velasca.com/:0
[   62289ms] [WARNING] The resource https://fonts.gstatic.com/s/jost/v20/92zatBhPNqw73oTd4jQmfxI.woff2 was preloaded using link preload but not used within a few seconds from the window's load event. Please make sure it has an appropriate `as` value and it is preloaded intentionally. @ https://www.velasca.com/:0
[   62289ms] [WARNING] The resource https://cdn.iubenda.com/cs/tcf/stub.js was preloaded using link preload but not used within a few seconds from the window's load event. Please make sure it has an appropriate `as` value and it is preloaded intentionally. @ https://www.velasca.com/:0
[   71234ms] [WARNING] The resource https://fonts.gstatic.com/s/jost/v20/92zatBhPNqw73oTd4jQmfxI.woff2 was preloaded using link preload but not used within a few seconds from the window's load event. Please make sure it has an appropriate `as` value and it is preloaded intentionally. @ https://www.velasca.com/:0
[   71234ms] [WARNING] The resource https://cdn.iubenda.com/cs/tcf/stub.js was preloaded using link preload but not used within a few seconds from the window's load event. Please make sure it has an appropriate `as` value and it is preloaded intentionally. @ https://www.velasca.com/:0
[  101118ms] [WARNING] The resource https://fonts.gstatic.com/s/jost/v20/92zatBhPNqw73oTd4jQmfxI.woff2 was preloaded using link preload but not used within a few seconds from the window's load event. Please make sure it has an appropriate `as` value and it is preloaded intentionally. @ https://www.velasca.com/:0
[  101118ms] [WARNING] The resource https://cdn.iubenda.com/cs/tcf/stub.js was preloaded using link preload but not used within a few seconds from the window's load event. Please make sure it has an appropriate `as` value and it is preloaded intentionally. @ https://www.velasca.com/:0
[  124040ms] [WARNING] The resource https://fonts.gstatic.com/s/jost/v20/92zatBhPNqw73oTd4jQmfxI.woff2 was preloaded using link preload but not used within a few seconds from the window's load event. Please make sure it has an appropriate `as` value and it is preloaded intentionally. @ https://www.velasca.com/:0
[  124041ms] [WARNING] The resource https://cdn.iubenda.com/cs/tcf/stub.js was preloaded using link preload but not used within a few seconds from the window's load event. Please make sure it has an appropriate `as` value and it is preloaded intentionally. @ https://www.velasca.com/:0
[  132734ms] [WARNING] The resource https://fonts.gstatic.com/s/jost/v20/92zatBhPNqw73oTd4jQmfxI.woff2 was preloaded using link preload but not used within a few seconds from the window's load event. Please make sure it has an appropriate `as` value and it is preloaded intentionally. @ https://www.velasca.com/:0
[  132734ms] [WARNING] The resource https://cdn.iubenda.com/cs/tcf/stub.js was preloaded using link preload but not used within a few seconds from the window's load event. Please make sure it has an appropriate `as` value and it is preloaded intentionally. @ https://www.velasca.com/:0
[  137990ms] [WARNING] The resource https://fonts.gstatic.com/s/jost/v20/92zatBhPNqw73oTd4jQmfxI.woff2 was preloaded using link preload but not used within a few seconds from the window's load event. Please make sure it has an appropriate `as` value and it is preloaded intentionally. @ https://www.velasca.com/:0
[  137990ms] [WARNING] The resource https://cdn.iubenda.com/cs/tcf/stub.js was preloaded using link preload but not used within a few seconds from the window's load event. Please make sure it has an appropriate `as` value and it is preloaded intentionally. @ https://www.velasca.com/:0
[  161811ms] [WARNING] The resource https://fonts.gstatic.com/s/jost/v20/92zatBhPNqw73oTd4jQmfxI.woff2 was preloaded using link preload but not used within a few seconds from the window's load event. Please make sure it has an appropriate `as` value and it is preloaded intentionally. @ https://www.velasca.com/:0
[  161812ms] [WARNING] The resource https://cdn.iubenda.com/cs/tcf/stub.js was preloaded using link preload but not used within a few seconds from the window's load event. Please make sure it has an appropriate `as` value and it is preloaded intentionally. @ https://www.velasca.com/:0
[  167320ms] [WARNING] The resource https://fonts.gstatic.com/s/jost/v20/92zatBhPNqw73oTd4jQmfxI.woff2 was preloaded using link preload but not used within a few seconds from the window's load event. Please make sure it has an appropriate `as` value and it is preloaded intentionally. @ https://www.velasca.com/:0
[  167320ms] [WARNING] The resource https://cdn.iubenda.com/cs/tcf/stub.js was preloaded using link preload but not used within a few seconds from the window's load event. Please make sure it has an appropriate `as` value and it is preloaded intentionally. @ https://www.velasca.com/:0
[  190222ms] [WARNING] The resource https://fonts.gstatic.com/s/jost/v20/92zatBhPNqw73oTd4jQmfxI.woff2 was preloaded using link preload but not used within a few seconds from the window's load event. Please make sure it has an appropriate `as` value and it is preloaded intentionally. @ https://www.velasca.com/:0
[  190222ms] [WARNING] The resource https://cdn.iubenda.com/cs/tcf/stub.js was preloaded using link preload but not used within a few seconds from the window's load event. Please make sure it has an appropriate `as` value and it is preloaded intentionally. @ https://www.velasca.com/:0
[  220225ms] [WARNING] The resource https://fonts.gstatic.com/s/jost/v20/92zatBhPNqw73oTd4jQmfxI.woff2 was preloaded using link preload but not used within a few seconds from the window's load event. Please make sure it has an appropriate `as` value and it is preloaded intentionally. @ https://www.velasca.com/:0
[  220225ms] [WARNING] The resource https://cdn.iubenda.com/cs/tcf/stub.js was preloaded using link preload but not used within a few seconds from the window's load event. Please make sure it has an appropriate `as` value and it is preloaded intentionally. @ https://www.velasca.com/:0
[  228451ms] [WARNING] The resource https://fonts.gstatic.com/s/jost/v20/92zatBhPNqw73oTd4jQmfxI.woff2 was preloaded using link preload but not used within a few seconds from the window's load event. Please make sure it has an appropriate `as` value and it is preloaded intentionally. @ https://www.velasca.com/:0
[  228452ms] [WARNING] The resource https://cdn.iubenda.com/cs/tcf/stub.js was preloaded using link preload but not used within a few seconds from the window's load event. Please make sure it has an appropriate `as` value and it is preloaded intentionally. @ https://www.velasca.com/:0
[  251772ms] [WARNING] The resource https://fonts.gstatic.com/s/jost/v20/92zatBhPNqw73oTd4jQmfxI.woff2 was preloaded using link preload but not used within a few seconds from the window's load event. Please make sure it has an appropriate `as` value and it is preloaded intentionally. @ https://www.velasca.com/:0
[  251772ms] [WARNING] The resource https://cdn.iubenda.com/cs/tcf/stub.js was preloaded using link preload but not used within a few seconds from the window's load event. Please make sure it has an appropriate `as` value and it is preloaded intentionally. @ https://www.velasca.com/:0
[  280190ms] [WARNING] The resource https://fonts.gstatic.com/s/jost/v20/92zatBhPNqw73oTd4jQmfxI.woff2 was preloaded using link preload but not used within a few seconds from the window's load event. Please make sure it has an appropriate `as` value and it is preloaded intentionally. @ https://www.velasca.com/:0
[  280190ms] [WARNING] The resource https://cdn.iubenda.com/cs/tcf/stub.js was preloaded using link preload but not used within a few seconds from the window's load event. Please make sure it has an appropriate `as` value and it is preloaded intentionally. @ https://www.velasca.com/:0
[  289320ms] [WARNING] The resource https://fonts.gstatic.com/s/jost/v20/92zatBhPNqw73oTd4jQmfxI.woff2 was preloaded using link preload but not used within a few seconds from the window's load event. Please make sure it has an appropriate `as` value and it is preloaded intentionally. @ https://www.velasca.com/:0
[  289320ms] [WARNING] The resource https://cdn.iubenda.com/cs/tcf/stub.js was preloaded using link preload but not used within a few seconds from the window's load event. Please make sure it has an appropriate `as` value and it is preloaded intentionally. @ https://www.velasca.com/:0
[  310185ms] [WARNING] The resource https://fonts.gstatic.com/s/jost/v20/92zatBhPNqw73oTd4jQmfxI.woff2 was preloaded using link preload but not used within a few seconds from the window's load event. Please make sure it has an appropriate `as` value and it is preloaded intentionally. @ https://www.velasca.com/:0
[  310185ms] [WARNING] The resource https://cdn.iubenda.com/cs/tcf/stub.js was preloaded using link preload but not used within a few seconds from the window's load event. Please make sure it has an appropriate `as` value and it is preloaded intentionally. @ https://www.velasca.com/:0
[  341036ms] [WARNING] The resource https://fonts.gstatic.com/s/jost/v20/92zatBhPNqw73oTd4jQmfxI.woff2 was preloaded using link preload but not used within a few seconds from the window's load event. Please make sure it has an appropriate `as` value and it is preloaded intentionally. @ https://www.velasca.com/:0
[  341037ms] [WARNING] The resource https://cdn.iubenda.com/cs/tcf/stub.js was preloaded using link preload but not used within a few seconds from the window's load event. Please make sure it has an appropriate `as` value and it is preloaded intentionally. @ https://www.velasca.com/:0
[  350765ms] [WARNING] The resource https://fonts.gstatic.com/s/jost/v20/92zatBhPNqw73oTd4jQmfxI.woff2 was preloaded using link preload but not used within a few seconds from the window's load event. Please make sure it has an appropriate `as` value and it is preloaded intentionally. @ https://www.velasca.com/:0
[  350765ms] [WARNING] The resource https://cdn.iubenda.com/cs/tcf/stub.js was preloaded using link preload but not used within a few seconds from the window's load event. Please make sure it has an appropriate `as` value and it is preloaded intentionally. @ https://www.velasca.com/:0
[  370276ms] [WARNING] The resource https://fonts.gstatic.com/s/jost/v20/92zatBhPNqw73oTd4jQmfxI.woff2 was preloaded using link preload but not used within a few seconds from the window's load event. Please make sure it has an appropriate `as` value and it is preloaded intentionally. @ https://www.velasca.com/:0
[  370276ms] [WARNING] The resource https://cdn.iubenda.com/cs/tcf/stub.js was preloaded using link preload but not used within a few seconds from the window's load event. Please make sure it has an appropriate `as` value and it is preloaded intentionally. @ https://www.velasca.com/:0
[  400217ms] [WARNING] The resource https://fonts.gstatic.com/s/jost/v20/92zatBhPNqw73oTd4jQmfxI.woff2 was preloaded using link preload but not used within a few seconds from the window's load event. Please make sure it has an appropriate `as` value and it is preloaded intentionally. @ https://www.velasca.com/:0
[  400217ms] [WARNING] The resource https://cdn.iubenda.com/cs/tcf/stub.js was preloaded using link preload but not used within a few seconds from the window's load event. Please make sure it has an appropriate `as` value and it is preloaded intentionally. @ https://www.velasca.com/:0
[  411376ms] [WARNING] The resource https://fonts.gstatic.com/s/jost/v20/92zatBhPNqw73oTd4jQmfxI.woff2 was preloaded using link preload but not used within a few seconds from the window's load event. Please make sure it has an appropriate `as` value and it is preloaded intentionally. @ https://www.velasca.com/:0
[  411376ms] [WARNING] The resource https://cdn.iubenda.com/cs/tcf/stub.js was preloaded using link preload but not used within a few seconds from the window's load event. Please make sure it has an appropriate `as` value and it is preloaded intentionally. @ https://www.velasca.com/:0
[  430337ms] [WARNING] The resource https://fonts.gstatic.com/s/jost/v20/92zatBhPNqw73oTd4jQmfxI.woff2 was preloaded using link preload but not used within a few seconds from the window's load event. Please make sure it has an appropriate `as` value and it is preloaded intentionally. @ https://www.velasca.com/:0
[  430337ms] [WARNING] The resource https://cdn.iubenda.com/cs/tcf/stub.js was preloaded using link preload but not used within a few seconds from the window's load event. Please make sure it has an appropriate `as` value and it is preloaded intentionally. @ https://www.velasca.com/:0
[  460304ms] [WARNING] The resource https://fonts.gstatic.com/s/jost/v20/92zatBhPNqw73oTd4jQmfxI.woff2 was preloaded using link preload but not used within a few seconds from the window's load event. Please make sure it has an appropriate `as` value and it is preloaded intentionally. @ https://www.velasca.com/:0
[  460304ms] [WARNING] The resource https://cdn.iubenda.com/cs/tcf/stub.js was preloaded using link preload but not used within a few seconds from the window's load event. Please make sure it has an appropriate `as` value and it is preloaded intentionally. @ https://www.velasca.com/:0
[  490278ms] [WARNING] The resource https://fonts.gstatic.com/s/jost/v20/92zatBhPNqw73oTd4jQmfxI.woff2 was preloaded using link preload but not used within a few seconds from the window's load event. Please make sure it has an appropriate `as` value and it is preloaded intentionally. @ https://www.velasca.com/:0
[  490278ms] [WARNING] The resource https://cdn.iubenda.com/cs/tcf/stub.js was preloaded using link preload but not used within a few seconds from the window's load event. Please make sure it has an appropriate `as` value and it is preloaded intentionally. @ https://www.velasca.com/:0
[  520344ms] [WARNING] The resource https://fonts.gstatic.com/s/jost/v20/92zatBhPNqw73oTd4jQmfxI.woff2 was preloaded using link preload but not used within a few seconds from the window's load event. Please make sure it has an appropriate `as` value and it is preloaded intentionally. @ https://www.velasca.com/:0
[  520344ms] [WARNING] The resource https://cdn.iubenda.com/cs/tcf/stub.js was preloaded using link preload but not used within a few seconds from the window's load event. Please make sure it has an appropriate `as` value and it is preloaded intentionally. @ https://www.velasca.com/:0
[  550260ms] [WARNING] The resource https://fonts.gstatic.com/s/jost/v20/92zatBhPNqw73oTd4jQmfxI.woff2 was preloaded using link preload but not used within a few seconds from the window's load event. Please make sure it has an appropriate `as` value and it is preloaded intentionally. @ https://www.velasca.com/:0
[  550260ms] [WARNING] The resource https://cdn.iubenda.com/cs/tcf/stub.js was preloaded using link preload but not used within a few seconds from the window's load event. Please make sure it has an appropriate `as` value and it is preloaded intentionally. @ https://www.velasca.com/:0
[  580901ms] [WARNING] The resource https://fonts.gstatic.com/s/jost/v20/92zatBhPNqw73oTd4jQmfxI.woff2 was preloaded using link preload but not used within a few seconds from the window's load event. Please make sure it has an appropriate `as` value and it is preloaded intentionally. @ https://www.velasca.com/:0
[  580901ms] [WARNING] The resource https://cdn.iubenda.com/cs/tcf/stub.js was preloaded using link preload but not used within a few seconds from the window's load event. Please make sure it has an appropriate `as` value and it is preloaded intentionally. @ https://www.velasca.com/:0
[  610938ms] [WARNING] The resource https://fonts.gstatic.com/s/jost/v20/92zatBhPNqw73oTd4jQmfxI.woff2 was preloaded using link preload but not used within a few seconds from the window's load event. Please make sure it has an appropriate `as` value and it is preloaded intentionally. @ https://www.velasca.com/:0
[  610939ms] [WARNING] The resource https://cdn.iubenda.com/cs/tcf/stub.js was preloaded using link preload but not used within a few seconds from the window's load event. Please make sure it has an appropriate `as` value and it is preloaded intentionally. @ https://www.velasca.com/:0
[  641741ms] [WARNING] The resource https://fonts.gstatic.com/s/jost/v20/92zatBhPNqw73oTd4jQmfxI.woff2 was preloaded using link preload but not used within a few seconds from the window's load event. Please make sure it has an appropriate `as` value and it is preloaded intentionally. @ https://www.velasca.com/:0
[  641741ms] [WARNING] The resource https://cdn.iubenda.com/cs/tcf/stub.js was preloaded using link preload but not used within a few seconds from the window's load event. Please make sure it has an appropriate `as` value and it is preloaded intentionally. @ https://www.velasca.com/:0
[  670299ms] [WARNING] The resource https://fonts.gstatic.com/s/jost/v20/92zatBhPNqw73oTd4jQmfxI.woff2 was preloaded using link preload but not used within a few seconds from the window's load event. Please make sure it has an appropriate `as` value and it is preloaded intentionally. @ https://www.velasca.com/:0
[  670299ms] [WARNING] The resource https://cdn.iubenda.com/cs/tcf/stub.js was preloaded using link preload but not used within a few seconds from the window's load event. Please make sure it has an appropriate `as` value and it is preloaded intentionally. @ https://www.velasca.com/:0
[  700322ms] [WARNING] The resource https://fonts.gstatic.com/s/jost/v20/92zatBhPNqw73oTd4jQmfxI.woff2 was preloaded using link preload but not used within a few seconds from the window's load event. Please make sure it has an appropriate `as` value and it is preloaded intentionally. @ https://www.velasca.com/:0
[  700322ms] [WARNING] The resource https://cdn.iubenda.com/cs/tcf/stub.js was preloaded using link preload but not used within a few seconds from the window's load event. Please make sure it has an appropriate `as` value and it is preloaded intentionally. @ https://www.velasca.com/:0
