[    1067ms] [WARNING] An error occurred! For more details, see the full error text at https://go.apollo.dev/c/err#%7B%22version%22%3A%223.14.0%22%2C%22message%22%3A104%2C%22args%22%3A%5B%22ApolloClient%22%2C%22uri%22%2C%22Please%20initialize%20an%20instance%20of%20%60HttpLink%60%20with%20%60uri%60%20instead.%22%5D%7D @ https://www.velasca.com/cdn/shop/t/13/assets/app.js?v=18621405127863844871775031821:401
[    1067ms] [WARNING] An error occurred! For more details, see the full error text at https://go.apollo.dev/c/err#%7B%22version%22%3A%223.14.0%22%2C%22message%22%3A104%2C%22args%22%3A%5B%22ApolloClient%22%2C%22headers%22%2C%22Please%20initialize%20an%20instance%20of%20%60HttpLink%60%20with%20%60headers%60%20instead.%22%5D%7D @ https://www.velasca.com/cdn/shop/t/13/assets/app.js?v=18621405127863844871775031821:401
[    1067ms] [WARNING] An error occurred! For more details, see the full error text at https://go.apollo.dev/c/err#%7B%22version%22%3A%223.14.0%22%2C%22message%22%3A17%2C%22args%22%3A%5B%5D%7D @ https://www.velasca.com/cdn/shop/t/13/assets/app.js?v=18621405127863844871775031821:401
[    1203ms] [LOG] [TABOOLA DEBUG SANDBOXED] - Extension Loaded @ https://www.velasca.com/web-pixels/strict/app/web-pixel-3427467651@256e0f107bfa102eabd3cbf632fd11d1.js:0
[    1446ms] [INFO] k-web-pixel-version 1 @ https://www.velasca.com/web-pixels/strict/app/web-pixel-3216834947@524f6c1ee37bacdca7657a665bdca589.js:0
[    1626ms] [ERROR] Error: Message: Couldn't fetch the Instagram feed. 
 {
  "message": "Network Error",
  "name": "AxiosError",
  "stack": "AxiosError: Network Error\n    at m.onerror (https://www.velasca.com/cdn/shop/t/13/assets/app.js?v=18621405127863844871775031821:276:143085)\n    at XMLHttpRequest.nrWrapper (https://www.velasca.com/:1217:17691)\n    at ft.request (https://www.velasca.com/cdn/shop/t/13/assets/app.js?v=18621405127863844871775031821:276:151159)",
  "config": {
    "transitional": {
      "silentJSONParsing": true,
      "forcedJSONParsing": true,
      "clarifyTimeoutError": false
    },
    "adapter": [
      "xhr",
      "http",
      "fetch"
    ],
    "transformRequest": [
      null
    ],
    "transformResponse": [
      null
    ],
    "timeout": 0,
    "xsrfCookieName": "XSRF-TOKEN",
    "xsrfHeaderName": "X-XSRF-TOKEN",
    "maxContentLength": -1,
    "maxBodyLength": -1,
    "env": {},
    "headers": {
      "Accept": "application/json, text/plain, */*"
    },
    "method": "get",
    "url": "https://d3ejra0xbg20rg.cloudfront.net/instagram/media?shop=us-velasca.myshopify.com&resource=default",
    "allowAbsoluteUrls": true
  },
  "code": "ERR_NETWORK"
} K @ https://www.velasca.com/cdn/shop/t/13/assets/app.js?v=18621405127863844871775031821:148
[    1626ms] [ERROR] Failed to load resource: net::ERR_NAME_NOT_RESOLVED @ https://d3ejra0xbg20rg.cloudfront.net/instagram/media?shop=us-velasca.myshopify.com&resource=default:0
[    1830ms] [WARNING] In a sandboxed environment, addEventListener may not behave as expected. @ https://www.velasca.com/cdn/wpm/s6aad4977wba422492pcfc93db9m5341e0bdm.js:0
[    1840ms] [WARNING] In a sandboxed environment, addEventListener may not behave as expected. @ https://www.velasca.com/cdn/wpm/s6aad4977wba422492pcfc93db9m5341e0bdm.js:0
[    1852ms] [WARNING] In a sandboxed environment, addEventListener may not behave as expected. @ https://www.velasca.com/cdn/wpm/s6aad4977wba422492pcfc93db9m5341e0bdm.js:0
[    1904ms] [WARNING] In a sandboxed environment, addEventListener may not behave as expected. @ https://www.velasca.com/cdn/wpm/s6aad4977wba422492pcfc93db9m5341e0bdm.js:0
[    1967ms] [LOG] [TABOOLA DEBUG SANDBOXED] - page_view: Before [[page_view]] @ https://www.velasca.com/web-pixels/strict/app/web-pixel-3427467651@256e0f107bfa102eabd3cbf632fd11d1.js:0
[    1975ms] [LOG] [TABOOLA DEBUG SANDBOXED] - page_view: After [[page_view]] @ https://www.velasca.com/web-pixels/strict/app/web-pixel-3427467651@256e0f107bfa102eabd3cbf632fd11d1.js:0
[    3040ms] [LOG] [TABOOLA DEBUG] - Loading tfa.js @ https://spfy-pxl.archive-digger.com/assets/script_tag.js?shopId=us-velasca.myshopify.com&taboolaId=1522741&espd=true&ecav=true&eh=true&ess=true&ep=true&eatc=true&eprv=true&ecv=true&epv=true&esc=true&shop=us-velasca.myshopify.com:234
[    3041ms] [LOG] [TABOOLA DEBUG] - tfa.js Loaded successfully @ https://spfy-pxl.archive-digger.com/assets/script_tag.js?shopId=us-velasca.myshopify.com&taboolaId=1522741&espd=true&ecav=true&eh=true&ess=true&ep=true&eatc=true&eprv=true&ecv=true&epv=true&esc=true&shop=us-velasca.myshopify.com:244
[    3041ms] [LOG] [TABOOLA DEBUG] - HEALTH LOG - Before [[page_view]] - before_tfa @ https://spfy-pxl.archive-digger.com/assets/script_tag.js?shopId=us-velasca.myshopify.com&taboolaId=1522741&espd=true&ecav=true&eh=true&ess=true&ep=true&eatc=true&eprv=true&ecv=true&epv=true&esc=true&shop=us-velasca.myshopify.com:34
[    3044ms] [LOG] [TABOOLA DEBUG] - HEALTH LOG - After [[page_view]] - after_tfa @ https://spfy-pxl.archive-digger.com/assets/script_tag.js?shopId=us-velasca.myshopify.com&taboolaId=1522741&espd=true&ecav=true&eh=true&ess=true&ep=true&eatc=true&eprv=true&ecv=true&epv=true&esc=true&shop=us-velasca.myshopify.com:34
[    3045ms] [LOG] [TABOOLA DEBUG] - HEALTH LOG - Before [[page_view]] http method - before_http @ https://spfy-pxl.archive-digger.com/assets/script_tag.js?shopId=us-velasca.myshopify.com&taboolaId=1522741&espd=true&ecav=true&eh=true&ess=true&ep=true&eatc=true&eprv=true&ecv=true&epv=true&esc=true&shop=us-velasca.myshopify.com:34
[    3046ms] [LOG] [TABOOLA DEBUG] - HEALTH LOG - After [[page_view]] http method - after_http @ https://spfy-pxl.archive-digger.com/assets/script_tag.js?shopId=us-velasca.myshopify.com&taboolaId=1522741&espd=true&ecav=true&eh=true&ess=true&ep=true&eatc=true&eprv=true&ecv=true&epv=true&esc=true&shop=us-velasca.myshopify.com:34
[   11081ms] [LOG] Download the Apollo DevTools for a better development experience: %s https://chrome.google.com/webstore/detail/apollo-client-developer-t/jdkknkkbebbapilgoeccciglkfbmbnfm @ https://www.velasca.com/cdn/shop/t/13/assets/app.js?v=18621405127863844871775031821:401
[   54207ms] [ERROR] Failed to load resource: net::ERR_CONNECTION_TIMED_OUT @ https://bam.eu01.nr-data.net/jserrors/1/NRJS-f085117791fa30955df?a=538678497&sa=1&v=1.278.3&t=Unnamed%20Transaction&rst=33173&ck=0&s=342f9df50bb41127&ref=https://www.velasca.com/&ptid=e072fbbddce2ed9f:0
[   54207ms] [ERROR] Failed to load resource: net::ERR_CONNECTION_TIMED_OUT @ https://bam.eu01.nr-data.net/events/1/NRJS-f085117791fa30955df?a=538678497&sa=1&v=1.278.3&t=Unnamed%20Transaction&rst=33173&ck=0&s=342f9df50bb41127&ref=https://www.velasca.com/&ptid=e072fbbddce2ed9f:0
[   56073ms] [ERROR] Failed to load resource: net::ERR_CONNECTION_ABORTED @ https://bam.eu01.nr-data.net/events/1/NRJS-f085117791fa30955df?a=538678497&sa=1&v=1.278.3&t=Unnamed%20Transaction&rst=33171&ck=0&s=342f9df50bb41127&ref=https://www.velasca.com/&ptid=e072fbbddce2ed9f:0
[   56108ms] [ERROR] Failed to load resource: net::ERR_CONNECTION_ABORTED @ https://e.clarity.ms/collect:0
[   56144ms] [ERROR] Failed to load resource: net::ERR_ADDRESS_UNREACHABLE @ https://e.clarity.ms/collect:0
[   56145ms] [ERROR] Failed to load resource: net::ERR_ADDRESS_UNREACHABLE @ https://e.clarity.ms/collect:0
[   56145ms] [ERROR] Failed to load resource: net::ERR_ADDRESS_UNREACHABLE @ https://e.clarity.ms/collect:0
