[    1534ms] [WARNING] An error occurred! For more details, see the full error text at https://go.apollo.dev/c/err#%7B%22version%22%3A%223.14.0%22%2C%22message%22%3A104%2C%22args%22%3A%5B%22ApolloClient%22%2C%22uri%22%2C%22Please%20initialize%20an%20instance%20of%20%60HttpLink%60%20with%20%60uri%60%20instead.%22%5D%7D @ https://www.velasca.com/cdn/shop/t/13/assets/app.js?v=18621405127863844871775031821:401
[    1534ms] [WARNING] An error occurred! For more details, see the full error text at https://go.apollo.dev/c/err#%7B%22version%22%3A%223.14.0%22%2C%22message%22%3A104%2C%22args%22%3A%5B%22ApolloClient%22%2C%22headers%22%2C%22Please%20initialize%20an%20instance%20of%20%60HttpLink%60%20with%20%60headers%60%20instead.%22%5D%7D @ https://www.velasca.com/cdn/shop/t/13/assets/app.js?v=18621405127863844871775031821:401
[    1535ms] [WARNING] An error occurred! For more details, see the full error text at https://go.apollo.dev/c/err#%7B%22version%22%3A%223.14.0%22%2C%22message%22%3A17%2C%22args%22%3A%5B%5D%7D @ https://www.velasca.com/cdn/shop/t/13/assets/app.js?v=18621405127863844871775031821:401
[    2302ms] [LOG] [TABOOLA DEBUG SANDBOXED] - Extension Loaded @ https://www.velasca.com/web-pixels/strict/app/web-pixel-3427467651@256e0f107bfa102eabd3cbf632fd11d1.js:0
[    2382ms] [INFO] k-web-pixel-version 1 @ https://www.velasca.com/web-pixels/strict/app/web-pixel-3216834947@524f6c1ee37bacdca7657a665bdca589.js:0
[    2539ms] [LOG] [TABOOLA DEBUG SANDBOXED] - page_view: Before [[page_view]] @ https://www.velasca.com/web-pixels/strict/app/web-pixel-3427467651@256e0f107bfa102eabd3cbf632fd11d1.js:0
[    2545ms] [LOG] [TABOOLA DEBUG SANDBOXED] - page_view: After [[page_view]] @ https://www.velasca.com/web-pixels/strict/app/web-pixel-3427467651@256e0f107bfa102eabd3cbf632fd11d1.js:0
[    5309ms] [ERROR] Error: Message: Couldn't fetch the Instagram feed. 
 {
  "message": "Network Error",
  "name": "AxiosError",
  "stack": "AxiosError: Network Error\n    at m.onerror (https://www.velasca.com/cdn/shop/t/13/assets/app.js?v=18621405127863844871775031821:276:143085)\n    at XMLHttpRequest.nrWrapper (https://www.velasca.com/:1217:17691)\n    at ft.request (https://www.velasca.com/cdn/shop/t/13/assets/app.js?v=18621405127863844871775031821:276:151159)",
  "config": {
    "transitional": {
      "silentJSONParsing": true,
      "forcedJSONParsing": true,
      "clarifyTimeoutError": false
    },
    "adapter": [
      "xhr",
      "http",
      "fetch"
    ],
    "transformRequest": [
      null
    ],
    "transformResponse": [
      null
    ],
    "timeout": 0,
    "xsrfCookieName": "XSRF-TOKEN",
    "xsrfHeaderName": "X-XSRF-TOKEN",
    "maxContentLength": -1,
    "maxBodyLength": -1,
    "env": {},
    "headers": {
      "Accept": "application/json, text/plain, */*"
    },
    "method": "get",
    "url": "https://d3ejra0xbg20rg.cloudfront.net/instagram/media?shop=us-velasca.myshopify.com&resource=default",
    "allowAbsoluteUrls": true
  },
  "code": "ERR_NETWORK"
} K @ https://www.velasca.com/cdn/shop/t/13/assets/app.js?v=18621405127863844871775031821:148
[    5312ms] [ERROR] Failed to load resource: net::ERR_NAME_NOT_RESOLVED @ https://d3ejra0xbg20rg.cloudfront.net/instagram/media?shop=us-velasca.myshopify.com&resource=default:0
[    6571ms] [ERROR] {error: Error: Timeout
    at https://www.velasca.com/cdn/shop/t/13/assets/function-effect.min.js?v=7485368…} @ https://www.velasca.com/cdn/shop/t/13/assets/function-effect.min.js?v=74853680015151298291759928667:0
[    7874ms] [WARNING] In a sandboxed environment, addEventListener may not behave as expected. @ https://www.velasca.com/cdn/wpm/s6cca57b0w27996052p7416522bmfa10f858m.js:0
[    7994ms] [WARNING] In a sandboxed environment, addEventListener may not behave as expected. @ https://www.velasca.com/cdn/wpm/s6cca57b0w27996052p7416522bmfa10f858m.js:0
[    8846ms] [WARNING] In a sandboxed environment, addEventListener may not behave as expected. @ https://www.velasca.com/cdn/wpm/s6cca57b0w27996052p7416522bmfa10f858m.js:0
[    9478ms] [WARNING] In a sandboxed environment, addEventListener may not behave as expected. @ https://www.velasca.com/cdn/wpm/s6cca57b0w27996052p7416522bmfa10f858m.js:0
[    9825ms] [LOG] [TABOOLA DEBUG] - Loading tfa.js @ https://spfy-pxl.archive-digger.com/assets/script_tag.js?shopId=us-velasca.myshopify.com&taboolaId=1522741&espd=true&ecav=true&eh=true&ess=true&ep=true&eatc=true&eprv=true&ecv=true&epv=true&esc=true&shop=us-velasca.myshopify.com:234
[    9826ms] [LOG] [TABOOLA DEBUG] - tfa.js Loaded successfully @ https://spfy-pxl.archive-digger.com/assets/script_tag.js?shopId=us-velasca.myshopify.com&taboolaId=1522741&espd=true&ecav=true&eh=true&ess=true&ep=true&eatc=true&eprv=true&ecv=true&epv=true&esc=true&shop=us-velasca.myshopify.com:244
[    9826ms] [LOG] [TABOOLA DEBUG] - HEALTH LOG - Before [[page_view]] - before_tfa @ https://spfy-pxl.archive-digger.com/assets/script_tag.js?shopId=us-velasca.myshopify.com&taboolaId=1522741&espd=true&ecav=true&eh=true&ess=true&ep=true&eatc=true&eprv=true&ecv=true&epv=true&esc=true&shop=us-velasca.myshopify.com:34
[    9831ms] [LOG] [TABOOLA DEBUG] - HEALTH LOG - After [[page_view]] - after_tfa @ https://spfy-pxl.archive-digger.com/assets/script_tag.js?shopId=us-velasca.myshopify.com&taboolaId=1522741&espd=true&ecav=true&eh=true&ess=true&ep=true&eatc=true&eprv=true&ecv=true&epv=true&esc=true&shop=us-velasca.myshopify.com:34
[    9832ms] [LOG] [TABOOLA DEBUG] - HEALTH LOG - Before [[page_view]] http method - before_http @ https://spfy-pxl.archive-digger.com/assets/script_tag.js?shopId=us-velasca.myshopify.com&taboolaId=1522741&espd=true&ecav=true&eh=true&ess=true&ep=true&eatc=true&eprv=true&ecv=true&epv=true&esc=true&shop=us-velasca.myshopify.com:34
[    9833ms] [LOG] [TABOOLA DEBUG] - HEALTH LOG - After [[page_view]] http method - after_http @ https://spfy-pxl.archive-digger.com/assets/script_tag.js?shopId=us-velasca.myshopify.com&taboolaId=1522741&espd=true&ecav=true&eh=true&ess=true&ep=true&eatc=true&eprv=true&ecv=true&epv=true&esc=true&shop=us-velasca.myshopify.com:34
[   11540ms] [LOG] Download the Apollo DevTools for a better development experience: %s https://chrome.google.com/webstore/detail/apollo-client-developer-t/jdkknkkbebbapilgoeccciglkfbmbnfm @ https://www.velasca.com/cdn/shop/t/13/assets/app.js?v=18621405127863844871775031821:401
[   99796ms] [WARNING] The resource https://www.velasca.com/cdn/shop/t/13/assets/stamped-text.css?v=38410641173842691021752497475 was preloaded using link preload but not used within a few seconds from the window's load event. Please make sure it has an appropriate `as` value and it is preloaded intentionally. @ https://www.velasca.com/:0
[  103381ms] [WARNING] The resource https://www.velasca.com/cdn/shop/t/13/assets/stamped-text.css?v=38410641173842691021752497475 was preloaded using link preload but not used within a few seconds from the window's load event. Please make sure it has an appropriate `as` value and it is preloaded intentionally. @ https://www.velasca.com/:0
[  106666ms] [WARNING] The resource https://www.velasca.com/cdn/shop/t/13/assets/stamped-text.css?v=38410641173842691021752497475 was preloaded using link preload but not used within a few seconds from the window's load event. Please make sure it has an appropriate `as` value and it is preloaded intentionally. @ https://www.velasca.com/:0
[  133405ms] [WARNING] The resource https://www.velasca.com/cdn/shop/t/13/assets/stamped-text.css?v=38410641173842691021752497475 was preloaded using link preload but not used within a few seconds from the window's load event. Please make sure it has an appropriate `as` value and it is preloaded intentionally. @ https://www.velasca.com/:0
[  163677ms] [WARNING] The resource https://www.velasca.com/cdn/shop/t/13/assets/stamped-text.css?v=38410641173842691021752497475 was preloaded using link preload but not used within a few seconds from the window's load event. Please make sure it has an appropriate `as` value and it is preloaded intentionally. @ https://www.velasca.com/:0
[  168400ms] [WARNING] The resource https://www.velasca.com/cdn/shop/t/13/assets/stamped-text.css?v=38410641173842691021752497475 was preloaded using link preload but not used within a few seconds from the window's load event. Please make sure it has an appropriate `as` value and it is preloaded intentionally. @ https://www.velasca.com/:0
[  186874ms] [WARNING] The resource https://www.velasca.com/cdn/shop/t/13/assets/stamped-text.css?v=38410641173842691021752497475 was preloaded using link preload but not used within a few seconds from the window's load event. Please make sure it has an appropriate `as` value and it is preloaded intentionally. @ https://www.velasca.com/:0
[  193428ms] [WARNING] The resource https://www.velasca.com/cdn/shop/t/13/assets/stamped-text.css?v=38410641173842691021752497475 was preloaded using link preload but not used within a few seconds from the window's load event. Please make sure it has an appropriate `as` value and it is preloaded intentionally. @ https://www.velasca.com/:0
[  198223ms] [WARNING] The resource https://www.velasca.com/cdn/shop/t/13/assets/stamped-text.css?v=38410641173842691021752497475 was preloaded using link preload but not used within a few seconds from the window's load event. Please make sure it has an appropriate `as` value and it is preloaded intentionally. @ https://www.velasca.com/:0
[  208532ms] [WARNING] The resource https://www.velasca.com/cdn/shop/t/13/assets/stamped-text.css?v=38410641173842691021752497475 was preloaded using link preload but not used within a few seconds from the window's load event. Please make sure it has an appropriate `as` value and it is preloaded intentionally. @ https://www.velasca.com/:0
[  213883ms] [WARNING] The resource https://www.velasca.com/cdn/shop/t/13/assets/stamped-text.css?v=38410641173842691021752497475 was preloaded using link preload but not used within a few seconds from the window's load event. Please make sure it has an appropriate `as` value and it is preloaded intentionally. @ https://www.velasca.com/:0
[  223445ms] [WARNING] The resource https://www.velasca.com/cdn/shop/t/13/assets/stamped-text.css?v=38410641173842691021752497475 was preloaded using link preload but not used within a few seconds from the window's load event. Please make sure it has an appropriate `as` value and it is preloaded intentionally. @ https://www.velasca.com/:0
[  227540ms] [WARNING] The resource https://www.velasca.com/cdn/shop/t/13/assets/stamped-text.css?v=38410641173842691021752497475 was preloaded using link preload but not used within a few seconds from the window's load event. Please make sure it has an appropriate `as` value and it is preloaded intentionally. @ https://www.velasca.com/:0
[  249930ms] [WARNING] The resource https://www.velasca.com/cdn/shop/t/13/assets/stamped-text.css?v=38410641173842691021752497475 was preloaded using link preload but not used within a few seconds from the window's load event. Please make sure it has an appropriate `as` value and it is preloaded intentionally. @ https://www.velasca.com/:0
[  253472ms] [WARNING] The resource https://www.velasca.com/cdn/shop/t/13/assets/stamped-text.css?v=38410641173842691021752497475 was preloaded using link preload but not used within a few seconds from the window's load event. Please make sure it has an appropriate `as` value and it is preloaded intentionally. @ https://www.velasca.com/:0
[  260220ms] [WARNING] The resource https://www.velasca.com/cdn/shop/t/13/assets/stamped-text.css?v=38410641173842691021752497475 was preloaded using link preload but not used within a few seconds from the window's load event. Please make sure it has an appropriate `as` value and it is preloaded intentionally. @ https://www.velasca.com/:0
[  277706ms] [WARNING] The resource https://www.velasca.com/cdn/shop/t/13/assets/stamped-text.css?v=38410641173842691021752497475 was preloaded using link preload but not used within a few seconds from the window's load event. Please make sure it has an appropriate `as` value and it is preloaded intentionally. @ https://www.velasca.com/:0
[  283434ms] [WARNING] The resource https://www.velasca.com/cdn/shop/t/13/assets/stamped-text.css?v=38410641173842691021752497475 was preloaded using link preload but not used within a few seconds from the window's load event. Please make sure it has an appropriate `as` value and it is preloaded intentionally. @ https://www.velasca.com/:0
[  293784ms] [WARNING] The resource https://www.velasca.com/cdn/shop/t/13/assets/stamped-text.css?v=38410641173842691021752497475 was preloaded using link preload but not used within a few seconds from the window's load event. Please make sure it has an appropriate `as` value and it is preloaded intentionally. @ https://www.velasca.com/:0
[  299006ms] [WARNING] The resource https://www.velasca.com/cdn/shop/t/13/assets/stamped-text.css?v=38410641173842691021752497475 was preloaded using link preload but not used within a few seconds from the window's load event. Please make sure it has an appropriate `as` value and it is preloaded intentionally. @ https://www.velasca.com/:0
[  316321ms] [WARNING] The resource https://www.velasca.com/cdn/shop/t/13/assets/stamped-text.css?v=38410641173842691021752497475 was preloaded using link preload but not used within a few seconds from the window's load event. Please make sure it has an appropriate `as` value and it is preloaded intentionally. @ https://www.velasca.com/:0
[  343472ms] [WARNING] The resource https://www.velasca.com/cdn/shop/t/13/assets/stamped-text.css?v=38410641173842691021752497475 was preloaded using link preload but not used within a few seconds from the window's load event. Please make sure it has an appropriate `as` value and it is preloaded intentionally. @ https://www.velasca.com/:0
[  351043ms] [WARNING] The resource https://www.velasca.com/cdn/shop/t/13/assets/stamped-text.css?v=38410641173842691021752497475 was preloaded using link preload but not used within a few seconds from the window's load event. Please make sure it has an appropriate `as` value and it is preloaded intentionally. @ https://www.velasca.com/:0
[  356147ms] [WARNING] The resource https://www.velasca.com/cdn/shop/t/13/assets/stamped-text.css?v=38410641173842691021752497475 was preloaded using link preload but not used within a few seconds from the window's load event. Please make sure it has an appropriate `as` value and it is preloaded intentionally. @ https://www.velasca.com/:0
[  365813ms] [WARNING] The resource https://www.velasca.com/cdn/shop/t/13/assets/stamped-text.css?v=38410641173842691021752497475 was preloaded using link preload but not used within a few seconds from the window's load event. Please make sure it has an appropriate `as` value and it is preloaded intentionally. @ https://www.velasca.com/:0
[  373563ms] [WARNING] The resource https://www.velasca.com/cdn/shop/t/13/assets/stamped-text.css?v=38410641173842691021752497475 was preloaded using link preload but not used within a few seconds from the window's load event. Please make sure it has an appropriate `as` value and it is preloaded intentionally. @ https://www.velasca.com/:0
[  388037ms] [WARNING] The resource https://www.velasca.com/cdn/shop/t/13/assets/stamped-text.css?v=38410641173842691021752497475 was preloaded using link preload but not used within a few seconds from the window's load event. Please make sure it has an appropriate `as` value and it is preloaded intentionally. @ https://www.velasca.com/:0
[  403533ms] [WARNING] The resource https://www.velasca.com/cdn/shop/t/13/assets/stamped-text.css?v=38410641173842691021752497475 was preloaded using link preload but not used within a few seconds from the window's load event. Please make sure it has an appropriate `as` value and it is preloaded intentionally. @ https://www.velasca.com/:0
[  433514ms] [WARNING] The resource https://www.velasca.com/cdn/shop/t/13/assets/stamped-text.css?v=38410641173842691021752497475 was preloaded using link preload but not used within a few seconds from the window's load event. Please make sure it has an appropriate `as` value and it is preloaded intentionally. @ https://www.velasca.com/:0
[  449099ms] [WARNING] The resource https://www.velasca.com/cdn/shop/t/13/assets/stamped-text.css?v=38410641173842691021752497475 was preloaded using link preload but not used within a few seconds from the window's load event. Please make sure it has an appropriate `as` value and it is preloaded intentionally. @ https://www.velasca.com/:0
[  463492ms] [WARNING] The resource https://www.velasca.com/cdn/shop/t/13/assets/stamped-text.css?v=38410641173842691021752497475 was preloaded using link preload but not used within a few seconds from the window's load event. Please make sure it has an appropriate `as` value and it is preloaded intentionally. @ https://www.velasca.com/:0
[  493499ms] [WARNING] The resource https://www.velasca.com/cdn/shop/t/13/assets/stamped-text.css?v=38410641173842691021752497475 was preloaded using link preload but not used within a few seconds from the window's load event. Please make sure it has an appropriate `as` value and it is preloaded intentionally. @ https://www.velasca.com/:0
[  510109ms] [WARNING] The resource https://www.velasca.com/cdn/shop/t/13/assets/stamped-text.css?v=38410641173842691021752497475 was preloaded using link preload but not used within a few seconds from the window's load event. Please make sure it has an appropriate `as` value and it is preloaded intentionally. @ https://www.velasca.com/:0
[  523532ms] [WARNING] The resource https://www.velasca.com/cdn/shop/t/13/assets/stamped-text.css?v=38410641173842691021752497475 was preloaded using link preload but not used within a few seconds from the window's load event. Please make sure it has an appropriate `as` value and it is preloaded intentionally. @ https://www.velasca.com/:0
[  564629ms] [ERROR] WebSocket connection to 'wss://widget-mediator.zopim.com/s/W/ws/Dj1cI4vW-yGGRYJT/c/1779724836239' failed: Error in connection establishment: net::ERR_NAME_NOT_RESOLVED @ https://static.zdassets.com/web_widget/classic/latest/web-widget-chat-sdk-07b7b33.js:1
[  574659ms] [ERROR] WebSocket connection to 'wss://widget-mediator.zopim.com/s/W/ws/Dj1cI4vW-yGGRYJT/c/1779724846312' failed: Error in connection establishment: net::ERR_NAME_NOT_RESOLVED @ https://static.zdassets.com/web_widget/classic/latest/web-widget-chat-sdk-07b7b33.js:1
[  576789ms] [ERROR] Failed to load resource: net::ERR_NAME_NOT_RESOLVED @ https://e.clarity.ms/collect:0
[  576796ms] [ERROR] Failed to load resource: net::ERR_NAME_NOT_RESOLVED @ https://e.clarity.ms/collect:0
[  576798ms] [ERROR] Failed to load resource: net::ERR_NAME_NOT_RESOLVED @ https://e.clarity.ms/collect:0
[  576798ms] [ERROR] Failed to load resource: net::ERR_NAME_NOT_RESOLVED @ https://e.clarity.ms/collect:0
[  577165ms] [ERROR] Failed to load resource: net::ERR_ADDRESS_UNREACHABLE @ https://bam.eu01.nr-data.net/jserrors/1/NRJS-f085117791fa30955df?a=538678497&sa=1&v=1.278.3&t=Unnamed%20Transaction&rst=550418&ck=0&s=35c2ea93a8ba4ff7&ref=https://www.velasca.com/&ptid=e7afb994c27d30c3:0
[  580167ms] [WARNING] The resource https://www.velasca.com/cdn/shop/t/13/assets/stamped-text.css?v=38410641173842691021752497475 was preloaded using link preload but not used within a few seconds from the window's load event. Please make sure it has an appropriate `as` value and it is preloaded intentionally. @ https://www.velasca.com/:0
[  580657ms] [ERROR] Failed to load resource: net::ERR_NAME_NOT_RESOLVED @ https://bam.eu01.nr-data.net/jserrors/1/NRJS-f085117791fa30955df?a=538678497&sa=1&v=1.278.3&t=Unnamed%20Transaction&rst=580427&ck=0&s=35c2ea93a8ba4ff7&ref=https://www.velasca.com/&ptid=e7afb994c27d30c3:0
[  580658ms] [ERROR] Failed to load resource: net::ERR_NAME_NOT_RESOLVED @ https://bam.eu01.nr-data.net/events/1/NRJS-f085117791fa30955df?a=538678497&sa=1&v=1.278.3&t=Unnamed%20Transaction&rst=580428&ck=0&s=35c2ea93a8ba4ff7&ref=https://www.velasca.com/&ptid=e7afb994c27d30c3:0
[  588156ms] [WARNING] The resource https://www.velasca.com/cdn/shop/t/13/assets/stamped-text.css?v=38410641173842691021752497475 was preloaded using link preload but not used within a few seconds from the window's load event. Please make sure it has an appropriate `as` value and it is preloaded intentionally. @ https://www.velasca.com/:0
[  618594ms] [WARNING] The resource https://www.velasca.com/cdn/shop/t/13/assets/stamped-text.css?v=38410641173842691021752497475 was preloaded using link preload but not used within a few seconds from the window's load event. Please make sure it has an appropriate `as` value and it is preloaded intentionally. @ https://www.velasca.com/:0
[  643541ms] [WARNING] The resource https://www.velasca.com/cdn/shop/t/13/assets/stamped-text.css?v=38410641173842691021752497475 was preloaded using link preload but not used within a few seconds from the window's load event. Please make sure it has an appropriate `as` value and it is preloaded intentionally. @ https://www.velasca.com/:0
[  675930ms] [WARNING] The resource https://www.velasca.com/cdn/shop/t/13/assets/stamped-text.css?v=38410641173842691021752497475 was preloaded using link preload but not used within a few seconds from the window's load event. Please make sure it has an appropriate `as` value and it is preloaded intentionally. @ https://www.velasca.com/:0
[  703767ms] [WARNING] The resource https://www.velasca.com/cdn/shop/t/13/assets/stamped-text.css?v=38410641173842691021752497475 was preloaded using link preload but not used within a few seconds from the window's load event. Please make sure it has an appropriate `as` value and it is preloaded intentionally. @ https://www.velasca.com/:0
[  733586ms] [WARNING] The resource https://www.velasca.com/cdn/shop/t/13/assets/stamped-text.css?v=38410641173842691021752497475 was preloaded using link preload but not used within a few seconds from the window's load event. Please make sure it has an appropriate `as` value and it is preloaded intentionally. @ https://www.velasca.com/:0
[  763593ms] [WARNING] The resource https://www.velasca.com/cdn/shop/t/13/assets/stamped-text.css?v=38410641173842691021752497475 was preloaded using link preload but not used within a few seconds from the window's load event. Please make sure it has an appropriate `as` value and it is preloaded intentionally. @ https://www.velasca.com/:0
[  793597ms] [WARNING] The resource https://www.velasca.com/cdn/shop/t/13/assets/stamped-text.css?v=38410641173842691021752497475 was preloaded using link preload but not used within a few seconds from the window's load event. Please make sure it has an appropriate `as` value and it is preloaded intentionally. @ https://www.velasca.com/:0
[  823615ms] [WARNING] The resource https://www.velasca.com/cdn/shop/t/13/assets/stamped-text.css?v=38410641173842691021752497475 was preloaded using link preload but not used within a few seconds from the window's load event. Please make sure it has an appropriate `as` value and it is preloaded intentionally. @ https://www.velasca.com/:0
[  853616ms] [WARNING] The resource https://www.velasca.com/cdn/shop/t/13/assets/stamped-text.css?v=38410641173842691021752497475 was preloaded using link preload but not used within a few seconds from the window's load event. Please make sure it has an appropriate `as` value and it is preloaded intentionally. @ https://www.velasca.com/:0
[  883681ms] [WARNING] The resource https://www.velasca.com/cdn/shop/t/13/assets/stamped-text.css?v=38410641173842691021752497475 was preloaded using link preload but not used within a few seconds from the window's load event. Please make sure it has an appropriate `as` value and it is preloaded intentionally. @ https://www.velasca.com/:0
[  914838ms] [WARNING] The resource https://www.velasca.com/cdn/shop/t/13/assets/stamped-text.css?v=38410641173842691021752497475 was preloaded using link preload but not used within a few seconds from the window's load event. Please make sure it has an appropriate `as` value and it is preloaded intentionally. @ https://www.velasca.com/:0
[  943991ms] [WARNING] The resource https://www.velasca.com/cdn/shop/t/13/assets/stamped-text.css?v=38410641173842691021752497475 was preloaded using link preload but not used within a few seconds from the window's load event. Please make sure it has an appropriate `as` value and it is preloaded intentionally. @ https://www.velasca.com/:0
[  973947ms] [WARNING] The resource https://www.velasca.com/cdn/shop/t/13/assets/stamped-text.css?v=38410641173842691021752497475 was preloaded using link preload but not used within a few seconds from the window's load event. Please make sure it has an appropriate `as` value and it is preloaded intentionally. @ https://www.velasca.com/:0
[ 1004020ms] [WARNING] The resource https://www.velasca.com/cdn/shop/t/13/assets/stamped-text.css?v=38410641173842691021752497475 was preloaded using link preload but not used within a few seconds from the window's load event. Please make sure it has an appropriate `as` value and it is preloaded intentionally. @ https://www.velasca.com/:0
[ 1034159ms] [WARNING] The resource https://www.velasca.com/cdn/shop/t/13/assets/stamped-text.css?v=38410641173842691021752497475 was preloaded using link preload but not used within a few seconds from the window's load event. Please make sure it has an appropriate `as` value and it is preloaded intentionally. @ https://www.velasca.com/:0
[ 1064179ms] [WARNING] The resource https://www.velasca.com/cdn/shop/t/13/assets/stamped-text.css?v=38410641173842691021752497475 was preloaded using link preload but not used within a few seconds from the window's load event. Please make sure it has an appropriate `as` value and it is preloaded intentionally. @ https://www.velasca.com/:0
[ 1094302ms] [WARNING] The resource https://www.velasca.com/cdn/shop/t/13/assets/stamped-text.css?v=38410641173842691021752497475 was preloaded using link preload but not used within a few seconds from the window's load event. Please make sure it has an appropriate `as` value and it is preloaded intentionally. @ https://www.velasca.com/:0
[ 1124224ms] [WARNING] The resource https://www.velasca.com/cdn/shop/t/13/assets/stamped-text.css?v=38410641173842691021752497475 was preloaded using link preload but not used within a few seconds from the window's load event. Please make sure it has an appropriate `as` value and it is preloaded intentionally. @ https://www.velasca.com/:0
[ 1154261ms] [WARNING] The resource https://www.velasca.com/cdn/shop/t/13/assets/stamped-text.css?v=38410641173842691021752497475 was preloaded using link preload but not used within a few seconds from the window's load event. Please make sure it has an appropriate `as` value and it is preloaded intentionally. @ https://www.velasca.com/:0
[ 1184334ms] [WARNING] The resource https://www.velasca.com/cdn/shop/t/13/assets/stamped-text.css?v=38410641173842691021752497475 was preloaded using link preload but not used within a few seconds from the window's load event. Please make sure it has an appropriate `as` value and it is preloaded intentionally. @ https://www.velasca.com/:0
[ 1195390ms] [WARNING] The resource https://www.velasca.com/cdn/shop/t/13/assets/stamped-text.css?v=38410641173842691021752497475 was preloaded using link preload but not used within a few seconds from the window's load event. Please make sure it has an appropriate `as` value and it is preloaded intentionally. @ https://www.velasca.com/:0
[ 1214341ms] [WARNING] The resource https://www.velasca.com/cdn/shop/t/13/assets/stamped-text.css?v=38410641173842691021752497475 was preloaded using link preload but not used within a few seconds from the window's load event. Please make sure it has an appropriate `as` value and it is preloaded intentionally. @ https://www.velasca.com/:0
[ 1245077ms] [WARNING] The resource https://www.velasca.com/cdn/shop/t/13/assets/stamped-text.css?v=38410641173842691021752497475 was preloaded using link preload but not used within a few seconds from the window's load event. Please make sure it has an appropriate `as` value and it is preloaded intentionally. @ https://www.velasca.com/:0
[ 1274267ms] [WARNING] The resource https://www.velasca.com/cdn/shop/t/13/assets/stamped-text.css?v=38410641173842691021752497475 was preloaded using link preload but not used within a few seconds from the window's load event. Please make sure it has an appropriate `as` value and it is preloaded intentionally. @ https://www.velasca.com/:0
[ 1304270ms] [WARNING] The resource https://www.velasca.com/cdn/shop/t/13/assets/stamped-text.css?v=38410641173842691021752497475 was preloaded using link preload but not used within a few seconds from the window's load event. Please make sure it has an appropriate `as` value and it is preloaded intentionally. @ https://www.velasca.com/:0
[ 1334290ms] [WARNING] The resource https://www.velasca.com/cdn/shop/t/13/assets/stamped-text.css?v=38410641173842691021752497475 was preloaded using link preload but not used within a few seconds from the window's load event. Please make sure it has an appropriate `as` value and it is preloaded intentionally. @ https://www.velasca.com/:0
[ 1364282ms] [WARNING] The resource https://www.velasca.com/cdn/shop/t/13/assets/stamped-text.css?v=38410641173842691021752497475 was preloaded using link preload but not used within a few seconds from the window's load event. Please make sure it has an appropriate `as` value and it is preloaded intentionally. @ https://www.velasca.com/:0
[ 1394280ms] [WARNING] The resource https://www.velasca.com/cdn/shop/t/13/assets/stamped-text.css?v=38410641173842691021752497475 was preloaded using link preload but not used within a few seconds from the window's load event. Please make sure it has an appropriate `as` value and it is preloaded intentionally. @ https://www.velasca.com/:0
[ 1424284ms] [WARNING] The resource https://www.velasca.com/cdn/shop/t/13/assets/stamped-text.css?v=38410641173842691021752497475 was preloaded using link preload but not used within a few seconds from the window's load event. Please make sure it has an appropriate `as` value and it is preloaded intentionally. @ https://www.velasca.com/:0
[ 1444654ms] [WARNING] The resource https://www.velasca.com/cdn/shop/t/13/assets/stamped-text.css?v=38410641173842691021752497475 was preloaded using link preload but not used within a few seconds from the window's load event. Please make sure it has an appropriate `as` value and it is preloaded intentionally. @ https://www.velasca.com/:0
[ 1454396ms] [WARNING] The resource https://www.velasca.com/cdn/shop/t/13/assets/stamped-text.css?v=38410641173842691021752497475 was preloaded using link preload but not used within a few seconds from the window's load event. Please make sure it has an appropriate `as` value and it is preloaded intentionally. @ https://www.velasca.com/:0
[ 1484318ms] [WARNING] The resource https://www.velasca.com/cdn/shop/t/13/assets/stamped-text.css?v=38410641173842691021752497475 was preloaded using link preload but not used within a few seconds from the window's load event. Please make sure it has an appropriate `as` value and it is preloaded intentionally. @ https://www.velasca.com/:0
[ 1514337ms] [WARNING] The resource https://www.velasca.com/cdn/shop/t/13/assets/stamped-text.css?v=38410641173842691021752497475 was preloaded using link preload but not used within a few seconds from the window's load event. Please make sure it has an appropriate `as` value and it is preloaded intentionally. @ https://www.velasca.com/:0
[ 1544341ms] [WARNING] The resource https://www.velasca.com/cdn/shop/t/13/assets/stamped-text.css?v=38410641173842691021752497475 was preloaded using link preload but not used within a few seconds from the window's load event. Please make sure it has an appropriate `as` value and it is preloaded intentionally. @ https://www.velasca.com/:0
[ 1574342ms] [WARNING] The resource https://www.velasca.com/cdn/shop/t/13/assets/stamped-text.css?v=38410641173842691021752497475 was preloaded using link preload but not used within a few seconds from the window's load event. Please make sure it has an appropriate `as` value and it is preloaded intentionally. @ https://www.velasca.com/:0
[ 1604638ms] [WARNING] The resource https://www.velasca.com/cdn/shop/t/13/assets/stamped-text.css?v=38410641173842691021752497475 was preloaded using link preload but not used within a few seconds from the window's load event. Please make sure it has an appropriate `as` value and it is preloaded intentionally. @ https://www.velasca.com/:0
[ 1634377ms] [WARNING] The resource https://www.velasca.com/cdn/shop/t/13/assets/stamped-text.css?v=38410641173842691021752497475 was preloaded using link preload but not used within a few seconds from the window's load event. Please make sure it has an appropriate `as` value and it is preloaded intentionally. @ https://www.velasca.com/:0
[ 1664382ms] [WARNING] The resource https://www.velasca.com/cdn/shop/t/13/assets/stamped-text.css?v=38410641173842691021752497475 was preloaded using link preload but not used within a few seconds from the window's load event. Please make sure it has an appropriate `as` value and it is preloaded intentionally. @ https://www.velasca.com/:0
[ 1694387ms] [WARNING] The resource https://www.velasca.com/cdn/shop/t/13/assets/stamped-text.css?v=38410641173842691021752497475 was preloaded using link preload but not used within a few seconds from the window's load event. Please make sure it has an appropriate `as` value and it is preloaded intentionally. @ https://www.velasca.com/:0
[ 1724392ms] [WARNING] The resource https://www.velasca.com/cdn/shop/t/13/assets/stamped-text.css?v=38410641173842691021752497475 was preloaded using link preload but not used within a few seconds from the window's load event. Please make sure it has an appropriate `as` value and it is preloaded intentionally. @ https://www.velasca.com/:0
[ 1754435ms] [WARNING] The resource https://www.velasca.com/cdn/shop/t/13/assets/stamped-text.css?v=38410641173842691021752497475 was preloaded using link preload but not used within a few seconds from the window's load event. Please make sure it has an appropriate `as` value and it is preloaded intentionally. @ https://www.velasca.com/:0
[ 1784698ms] [WARNING] The resource https://www.velasca.com/cdn/shop/t/13/assets/stamped-text.css?v=38410641173842691021752497475 was preloaded using link preload but not used within a few seconds from the window's load event. Please make sure it has an appropriate `as` value and it is preloaded intentionally. @ https://www.velasca.com/:0
[ 1814459ms] [WARNING] The resource https://www.velasca.com/cdn/shop/t/13/assets/stamped-text.css?v=38410641173842691021752497475 was preloaded using link preload but not used within a few seconds from the window's load event. Please make sure it has an appropriate `as` value and it is preloaded intentionally. @ https://www.velasca.com/:0
[ 1844430ms] [WARNING] The resource https://www.velasca.com/cdn/shop/t/13/assets/stamped-text.css?v=38410641173842691021752497475 was preloaded using link preload but not used within a few seconds from the window's load event. Please make sure it has an appropriate `as` value and it is preloaded intentionally. @ https://www.velasca.com/:0
[ 1874444ms] [WARNING] The resource https://www.velasca.com/cdn/shop/t/13/assets/stamped-text.css?v=38410641173842691021752497475 was preloaded using link preload but not used within a few seconds from the window's load event. Please make sure it has an appropriate `as` value and it is preloaded intentionally. @ https://www.velasca.com/:0
[ 1904468ms] [WARNING] The resource https://www.velasca.com/cdn/shop/t/13/assets/stamped-text.css?v=38410641173842691021752497475 was preloaded using link preload but not used within a few seconds from the window's load event. Please make sure it has an appropriate `as` value and it is preloaded intentionally. @ https://www.velasca.com/:0
[ 1934678ms] [WARNING] The resource https://www.velasca.com/cdn/shop/t/13/assets/stamped-text.css?v=38410641173842691021752497475 was preloaded using link preload but not used within a few seconds from the window's load event. Please make sure it has an appropriate `as` value and it is preloaded intentionally. @ https://www.velasca.com/:0
[ 1964800ms] [WARNING] The resource https://www.velasca.com/cdn/shop/t/13/assets/stamped-text.css?v=38410641173842691021752497475 was preloaded using link preload but not used within a few seconds from the window's load event. Please make sure it has an appropriate `as` value and it is preloaded intentionally. @ https://www.velasca.com/:0
[ 1994490ms] [WARNING] The resource https://www.velasca.com/cdn/shop/t/13/assets/stamped-text.css?v=38410641173842691021752497475 was preloaded using link preload but not used within a few seconds from the window's load event. Please make sure it has an appropriate `as` value and it is preloaded intentionally. @ https://www.velasca.com/:0
[ 2024504ms] [WARNING] The resource https://www.velasca.com/cdn/shop/t/13/assets/stamped-text.css?v=38410641173842691021752497475 was preloaded using link preload but not used within a few seconds from the window's load event. Please make sure it has an appropriate `as` value and it is preloaded intentionally. @ https://www.velasca.com/:0
[ 2054516ms] [WARNING] The resource https://www.velasca.com/cdn/shop/t/13/assets/stamped-text.css?v=38410641173842691021752497475 was preloaded using link preload but not used within a few seconds from the window's load event. Please make sure it has an appropriate `as` value and it is preloaded intentionally. @ https://www.velasca.com/:0
[ 2084524ms] [WARNING] The resource https://www.velasca.com/cdn/shop/t/13/assets/stamped-text.css?v=38410641173842691021752497475 was preloaded using link preload but not used within a few seconds from the window's load event. Please make sure it has an appropriate `as` value and it is preloaded intentionally. @ https://www.velasca.com/:0
[ 2114539ms] [WARNING] The resource https://www.velasca.com/cdn/shop/t/13/assets/stamped-text.css?v=38410641173842691021752497475 was preloaded using link preload but not used within a few seconds from the window's load event. Please make sure it has an appropriate `as` value and it is preloaded intentionally. @ https://www.velasca.com/:0
[ 2144543ms] [WARNING] The resource https://www.velasca.com/cdn/shop/t/13/assets/stamped-text.css?v=38410641173842691021752497475 was preloaded using link preload but not used within a few seconds from the window's load event. Please make sure it has an appropriate `as` value and it is preloaded intentionally. @ https://www.velasca.com/:0
[ 2155606ms] [WARNING] The resource https://www.velasca.com/cdn/shop/t/13/assets/stamped-text.css?v=38410641173842691021752497475 was preloaded using link preload but not used within a few seconds from the window's load event. Please make sure it has an appropriate `as` value and it is preloaded intentionally. @ https://www.velasca.com/:0
[ 2174635ms] [WARNING] The resource https://www.velasca.com/cdn/shop/t/13/assets/stamped-text.css?v=38410641173842691021752497475 was preloaded using link preload but not used within a few seconds from the window's load event. Please make sure it has an appropriate `as` value and it is preloaded intentionally. @ https://www.velasca.com/:0
[ 2204562ms] [WARNING] The resource https://www.velasca.com/cdn/shop/t/13/assets/stamped-text.css?v=38410641173842691021752497475 was preloaded using link preload but not used within a few seconds from the window's load event. Please make sure it has an appropriate `as` value and it is preloaded intentionally. @ https://www.velasca.com/:0
[ 2234580ms] [WARNING] The resource https://www.velasca.com/cdn/shop/t/13/assets/stamped-text.css?v=38410641173842691021752497475 was preloaded using link preload but not used within a few seconds from the window's load event. Please make sure it has an appropriate `as` value and it is preloaded intentionally. @ https://www.velasca.com/:0
[ 2264586ms] [WARNING] The resource https://www.velasca.com/cdn/shop/t/13/assets/stamped-text.css?v=38410641173842691021752497475 was preloaded using link preload but not used within a few seconds from the window's load event. Please make sure it has an appropriate `as` value and it is preloaded intentionally. @ https://www.velasca.com/:0
[ 2294586ms] [WARNING] The resource https://www.velasca.com/cdn/shop/t/13/assets/stamped-text.css?v=38410641173842691021752497475 was preloaded using link preload but not used within a few seconds from the window's load event. Please make sure it has an appropriate `as` value and it is preloaded intentionally. @ https://www.velasca.com/:0
[ 2326982ms] [WARNING] The resource https://www.velasca.com/cdn/shop/t/13/assets/stamped-text.css?v=38410641173842691021752497475 was preloaded using link preload but not used within a few seconds from the window's load event. Please make sure it has an appropriate `as` value and it is preloaded intentionally. @ https://www.velasca.com/:0
