[    1356ms] [WARNING] An error occurred! For more details, see the full error text at https://go.apollo.dev/c/err#%7B%22version%22%3A%223.14.0%22%2C%22message%22%3A104%2C%22args%22%3A%5B%22ApolloClient%22%2C%22uri%22%2C%22Please%20initialize%20an%20instance%20of%20%60HttpLink%60%20with%20%60uri%60%20instead.%22%5D%7D @ https://www.velasca.com/cdn/shop/t/13/assets/app.js?v=18621405127863844871775031821:401
[    1356ms] [WARNING] An error occurred! For more details, see the full error text at https://go.apollo.dev/c/err#%7B%22version%22%3A%223.14.0%22%2C%22message%22%3A104%2C%22args%22%3A%5B%22ApolloClient%22%2C%22headers%22%2C%22Please%20initialize%20an%20instance%20of%20%60HttpLink%60%20with%20%60headers%60%20instead.%22%5D%7D @ https://www.velasca.com/cdn/shop/t/13/assets/app.js?v=18621405127863844871775031821:401
[    1356ms] [WARNING] An error occurred! For more details, see the full error text at https://go.apollo.dev/c/err#%7B%22version%22%3A%223.14.0%22%2C%22message%22%3A17%2C%22args%22%3A%5B%5D%7D @ https://www.velasca.com/cdn/shop/t/13/assets/app.js?v=18621405127863844871775031821:401
[    2056ms] [ERROR] Error: Message: Couldn't fetch the Instagram feed. 
 {
  "message": "Network Error",
  "name": "AxiosError",
  "stack": "AxiosError: Network Error\n    at m.onerror (https://www.velasca.com/cdn/shop/t/13/assets/app.js?v=18621405127863844871775031821:276:143085)\n    at XMLHttpRequest.nrWrapper (https://www.velasca.com/:1217:17691)\n    at ft.request (https://www.velasca.com/cdn/shop/t/13/assets/app.js?v=18621405127863844871775031821:276:151159)",
  "config": {
    "transitional": {
      "silentJSONParsing": true,
      "forcedJSONParsing": true,
      "clarifyTimeoutError": false
    },
    "adapter": [
      "xhr",
      "http",
      "fetch"
    ],
    "transformRequest": [
      null
    ],
    "transformResponse": [
      null
    ],
    "timeout": 0,
    "xsrfCookieName": "XSRF-TOKEN",
    "xsrfHeaderName": "X-XSRF-TOKEN",
    "maxContentLength": -1,
    "maxBodyLength": -1,
    "env": {},
    "headers": {
      "Accept": "application/json, text/plain, */*"
    },
    "method": "get",
    "url": "https://d3ejra0xbg20rg.cloudfront.net/instagram/media?shop=us-velasca.myshopify.com&resource=default",
    "allowAbsoluteUrls": true
  },
  "code": "ERR_NETWORK"
} K @ https://www.velasca.com/cdn/shop/t/13/assets/app.js?v=18621405127863844871775031821:148
[    2057ms] [ERROR] Failed to load resource: net::ERR_NAME_NOT_RESOLVED @ https://d3ejra0xbg20rg.cloudfront.net/instagram/media?shop=us-velasca.myshopify.com&resource=default:0
[    2193ms] [INFO] k-web-pixel-version 1 @ https://www.velasca.com/web-pixels/strict/app/web-pixel-3216834947@524f6c1ee37bacdca7657a665bdca589.js:0
[    2201ms] [LOG] [TABOOLA DEBUG SANDBOXED] - Extension Loaded @ https://www.velasca.com/web-pixels/strict/app/web-pixel-3427467651@256e0f107bfa102eabd3cbf632fd11d1.js:0
[    2291ms] [WARNING] In a sandboxed environment, addEventListener may not behave as expected. @ https://www.velasca.com/cdn/wpm/s6cca57b0w27996052p7416522bmfa10f858m.js:0
[    2306ms] [LOG] [TABOOLA DEBUG SANDBOXED] - page_view: Before [[page_view]] @ https://www.velasca.com/web-pixels/strict/app/web-pixel-3427467651@256e0f107bfa102eabd3cbf632fd11d1.js:0
[    2315ms] [LOG] [TABOOLA DEBUG SANDBOXED] - page_view: After [[page_view]] @ https://www.velasca.com/web-pixels/strict/app/web-pixel-3427467651@256e0f107bfa102eabd3cbf632fd11d1.js:0
[    2498ms] [WARNING] In a sandboxed environment, addEventListener may not behave as expected. @ https://www.velasca.com/cdn/wpm/s6cca57b0w27996052p7416522bmfa10f858m.js:0
[    2595ms] [WARNING] In a sandboxed environment, addEventListener may not behave as expected. @ https://www.velasca.com/cdn/wpm/s6cca57b0w27996052p7416522bmfa10f858m.js:0
