[    2359ms] [LOG] [TABOOLA DEBUG SANDBOXED] - Extension Loaded @ https://www.velasca.com/web-pixels/strict/app/web-pixel-3427467651@256e0f107bfa102eabd3cbf632fd11d1.js:0
[    2397ms] [WARNING] An error occurred! For more details, see the full error text at https://go.apollo.dev/c/err#%7B%22version%22%3A%223.14.0%22%2C%22message%22%3A104%2C%22args%22%3A%5B%22ApolloClient%22%2C%22uri%22%2C%22Please%20initialize%20an%20instance%20of%20%60HttpLink%60%20with%20%60uri%60%20instead.%22%5D%7D @ https://www.velasca.com/cdn/shop/t/13/assets/app.js?v=152449706651675959301779886782:381
[    2397ms] [WARNING] An error occurred! For more details, see the full error text at https://go.apollo.dev/c/err#%7B%22version%22%3A%223.14.0%22%2C%22message%22%3A104%2C%22args%22%3A%5B%22ApolloClient%22%2C%22headers%22%2C%22Please%20initialize%20an%20instance%20of%20%60HttpLink%60%20with%20%60headers%60%20instead.%22%5D%7D @ https://www.velasca.com/cdn/shop/t/13/assets/app.js?v=152449706651675959301779886782:381
[    2397ms] [WARNING] An error occurred! For more details, see the full error text at https://go.apollo.dev/c/err#%7B%22version%22%3A%223.14.0%22%2C%22message%22%3A17%2C%22args%22%3A%5B%5D%7D @ https://www.velasca.com/cdn/shop/t/13/assets/app.js?v=152449706651675959301779886782:381
[    2501ms] [INFO] k-web-pixel-version 1 @ https://www.velasca.com/web-pixels/strict/app/web-pixel-3216834947@524f6c1ee37bacdca7657a665bdca589.js:0
[    2757ms] [LOG] [TABOOLA DEBUG SANDBOXED] - page_view: Before [[page_view]] @ https://www.velasca.com/web-pixels/strict/app/web-pixel-3427467651@256e0f107bfa102eabd3cbf632fd11d1.js:0
[    2760ms] [LOG] [TABOOLA DEBUG SANDBOXED] - page_view: After [[page_view]] @ https://www.velasca.com/web-pixels/strict/app/web-pixel-3427467651@256e0f107bfa102eabd3cbf632fd11d1.js:0
[    2859ms] [ERROR] Error: Message: Couldn't fetch the Instagram feed. 
 {
  "message": "Network Error",
  "name": "AxiosError",
  "stack": "AxiosError: Network Error\n    at m.onerror (https://www.velasca.com/cdn/shop/t/13/assets/app.js?v=152449706651675959301779886782:256:143401)\n    at XMLHttpRequest.nrWrapper (https://www.velasca.com/:1216:17691)\n    at ft.request (https://www.velasca.com/cdn/shop/t/13/assets/app.js?v=152449706651675959301779886782:256:151475)",
  "config": {
    "transitional": {
      "silentJSONParsing": true,
      "forcedJSONParsing": true,
      "clarifyTimeoutError": false
    },
    "adapter": [
      "xhr",
      "http",
      "fetch"
    ],
    "transformRequest": [
      null
    ],
    "transformResponse": [
      null
    ],
    "timeout": 0,
    "xsrfCookieName": "XSRF-TOKEN",
    "xsrfHeaderName": "X-XSRF-TOKEN",
    "maxContentLength": -1,
    "maxBodyLength": -1,
    "env": {},
    "headers": {
      "Accept": "application/json, text/plain, */*"
    },
    "method": "get",
    "url": "https://d3ejra0xbg20rg.cloudfront.net/instagram/media?shop=us-velasca.myshopify.com&resource=default",
    "allowAbsoluteUrls": true
  },
  "code": "ERR_NETWORK"
} K @ https://www.velasca.com/cdn/shop/t/13/assets/app.js?v=152449706651675959301779886782:128
[    2859ms] [ERROR] Failed to load resource: net::ERR_NAME_NOT_RESOLVED @ https://d3ejra0xbg20rg.cloudfront.net/instagram/media?shop=us-velasca.myshopify.com&resource=default:0
[    4261ms] [WARNING] In a sandboxed environment, addEventListener may not behave as expected. @ https://www.velasca.com/cdn/wpm/sb2423595wb67a1977p8b578d23m1ed5a501m.js:0
[    4907ms] [WARNING] In a sandboxed environment, addEventListener may not behave as expected. @ https://www.velasca.com/cdn/wpm/sb2423595wb67a1977p8b578d23m1ed5a501m.js:0
[    5262ms] [WARNING] In a sandboxed environment, addEventListener may not behave as expected. @ https://www.velasca.com/cdn/wpm/sb2423595wb67a1977p8b578d23m1ed5a501m.js:0
[    6929ms] [WARNING] In a sandboxed environment, addEventListener may not behave as expected. @ https://www.velasca.com/cdn/wpm/sb2423595wb67a1977p8b578d23m1ed5a501m.js:0
[    7920ms] [LOG] [TABOOLA DEBUG] - Loading tfa.js @ https://spfy-pxl.archive-digger.com/assets/script_tag.js?shopId=us-velasca.myshopify.com&taboolaId=1522741&espd=true&ecav=true&eh=true&ess=true&ep=true&eatc=true&eprv=true&ecv=true&epv=true&esc=true&shop=us-velasca.myshopify.com:234
[    7920ms] [LOG] [TABOOLA DEBUG] - tfa.js Loaded successfully @ https://spfy-pxl.archive-digger.com/assets/script_tag.js?shopId=us-velasca.myshopify.com&taboolaId=1522741&espd=true&ecav=true&eh=true&ess=true&ep=true&eatc=true&eprv=true&ecv=true&epv=true&esc=true&shop=us-velasca.myshopify.com:244
[    7920ms] [LOG] [TABOOLA DEBUG] - HEALTH LOG - Before [[page_view]] - before_tfa @ https://spfy-pxl.archive-digger.com/assets/script_tag.js?shopId=us-velasca.myshopify.com&taboolaId=1522741&espd=true&ecav=true&eh=true&ess=true&ep=true&eatc=true&eprv=true&ecv=true&epv=true&esc=true&shop=us-velasca.myshopify.com:34
[    7923ms] [LOG] [TABOOLA DEBUG] - HEALTH LOG - After [[page_view]] - after_tfa @ https://spfy-pxl.archive-digger.com/assets/script_tag.js?shopId=us-velasca.myshopify.com&taboolaId=1522741&espd=true&ecav=true&eh=true&ess=true&ep=true&eatc=true&eprv=true&ecv=true&epv=true&esc=true&shop=us-velasca.myshopify.com:34
[    7923ms] [LOG] [TABOOLA DEBUG] - HEALTH LOG - Before [[page_view]] http method - before_http @ https://spfy-pxl.archive-digger.com/assets/script_tag.js?shopId=us-velasca.myshopify.com&taboolaId=1522741&espd=true&ecav=true&eh=true&ess=true&ep=true&eatc=true&eprv=true&ecv=true&epv=true&esc=true&shop=us-velasca.myshopify.com:34
[    7924ms] [LOG] [TABOOLA DEBUG] - HEALTH LOG - After [[page_view]] http method - after_http @ https://spfy-pxl.archive-digger.com/assets/script_tag.js?shopId=us-velasca.myshopify.com&taboolaId=1522741&espd=true&ecav=true&eh=true&ess=true&ep=true&eatc=true&eprv=true&ecv=true&epv=true&esc=true&shop=us-velasca.myshopify.com:34
[    8141ms] [WARNING] The resource https://fonts.gstatic.com/s/jost/v20/92zatBhPNqw73oTd4jQmfxI.woff2 was preloaded using link preload but not used within a few seconds from the window's load event. Please make sure it has an appropriate `as` value and it is preloaded intentionally. @ https://www.velasca.com/:0
[    8141ms] [WARNING] The resource https://cdn.iubenda.com/cs/tcf/stub.js was preloaded using link preload but not used within a few seconds from the window's load event. Please make sure it has an appropriate `as` value and it is preloaded intentionally. @ https://www.velasca.com/:0
[   12399ms] [LOG] Download the Apollo DevTools for a better development experience: %s https://chrome.google.com/webstore/detail/apollo-client-developer-t/jdkknkkbebbapilgoeccciglkfbmbnfm @ https://www.velasca.com/cdn/shop/t/13/assets/app.js?v=152449706651675959301779886782:381
[   18531ms] [WARNING] The resource https://fonts.gstatic.com/s/jost/v20/92zatBhPNqw73oTd4jQmfxI.woff2 was preloaded using link preload but not used within a few seconds from the window's load event. Please make sure it has an appropriate `as` value and it is preloaded intentionally. @ https://www.velasca.com/:0
[   18531ms] [WARNING] The resource https://cdn.iubenda.com/cs/tcf/stub.js was preloaded using link preload but not used within a few seconds from the window's load event. Please make sure it has an appropriate `as` value and it is preloaded intentionally. @ https://www.velasca.com/:0
[   24585ms] [WARNING] The resource https://fonts.gstatic.com/s/jost/v20/92zatBhPNqw73oTd4jQmfxI.woff2 was preloaded using link preload but not used within a few seconds from the window's load event. Please make sure it has an appropriate `as` value and it is preloaded intentionally. @ https://www.velasca.com/:0
[   24585ms] [WARNING] The resource https://cdn.iubenda.com/cs/tcf/stub.js was preloaded using link preload but not used within a few seconds from the window's load event. Please make sure it has an appropriate `as` value and it is preloaded intentionally. @ https://www.velasca.com/:0
[   34577ms] [WARNING] The resource https://fonts.gstatic.com/s/jost/v20/92zatBhPNqw73oTd4jQmfxI.woff2 was preloaded using link preload but not used within a few seconds from the window's load event. Please make sure it has an appropriate `as` value and it is preloaded intentionally. @ https://www.velasca.com/:0
[   34577ms] [WARNING] The resource https://cdn.iubenda.com/cs/tcf/stub.js was preloaded using link preload but not used within a few seconds from the window's load event. Please make sure it has an appropriate `as` value and it is preloaded intentionally. @ https://www.velasca.com/:0
[   47935ms] [WARNING] The resource https://fonts.gstatic.com/s/jost/v20/92zatBhPNqw73oTd4jQmfxI.woff2 was preloaded using link preload but not used within a few seconds from the window's load event. Please make sure it has an appropriate `as` value and it is preloaded intentionally. @ https://www.velasca.com/:0
[   54622ms] [WARNING] The resource https://fonts.gstatic.com/s/jost/v20/92zatBhPNqw73oTd4jQmfxI.woff2 was preloaded using link preload but not used within a few seconds from the window's load event. Please make sure it has an appropriate `as` value and it is preloaded intentionally. @ https://www.velasca.com/:0
[   58210ms] [WARNING] The resource https://fonts.gstatic.com/s/jost/v20/92zatBhPNqw73oTd4jQmfxI.woff2 was preloaded using link preload but not used within a few seconds from the window's load event. Please make sure it has an appropriate `as` value and it is preloaded intentionally. @ https://www.velasca.com/:0
[   64612ms] [WARNING] The resource https://fonts.gstatic.com/s/jost/v20/92zatBhPNqw73oTd4jQmfxI.woff2 was preloaded using link preload but not used within a few seconds from the window's load event. Please make sure it has an appropriate `as` value and it is preloaded intentionally. @ https://www.velasca.com/:0
[   74605ms] [WARNING] The resource https://fonts.gstatic.com/s/jost/v20/92zatBhPNqw73oTd4jQmfxI.woff2 was preloaded using link preload but not used within a few seconds from the window's load event. Please make sure it has an appropriate `as` value and it is preloaded intentionally. @ https://www.velasca.com/:0
[   84626ms] [WARNING] The resource https://fonts.gstatic.com/s/jost/v20/92zatBhPNqw73oTd4jQmfxI.woff2 was preloaded using link preload but not used within a few seconds from the window's load event. Please make sure it has an appropriate `as` value and it is preloaded intentionally. @ https://www.velasca.com/:0
[   95320ms] [WARNING] The resource https://fonts.gstatic.com/s/jost/v20/92zatBhPNqw73oTd4jQmfxI.woff2 was preloaded using link preload but not used within a few seconds from the window's load event. Please make sure it has an appropriate `as` value and it is preloaded intentionally. @ https://www.velasca.com/:0
[  104229ms] [WARNING] The resource https://fonts.gstatic.com/s/jost/v20/92zatBhPNqw73oTd4jQmfxI.woff2 was preloaded using link preload but not used within a few seconds from the window's load event. Please make sure it has an appropriate `as` value and it is preloaded intentionally. @ https://www.velasca.com/:0
[  122156ms] [WARNING] The resource https://fonts.gstatic.com/s/jost/v20/92zatBhPNqw73oTd4jQmfxI.woff2 was preloaded using link preload but not used within a few seconds from the window's load event. Please make sure it has an appropriate `as` value and it is preloaded intentionally. @ https://www.velasca.com/:0
[  132227ms] [WARNING] The resource https://fonts.gstatic.com/s/jost/v20/92zatBhPNqw73oTd4jQmfxI.woff2 was preloaded using link preload but not used within a few seconds from the window's load event. Please make sure it has an appropriate `as` value and it is preloaded intentionally. @ https://www.velasca.com/:0
[  141818ms] [WARNING] The resource https://fonts.gstatic.com/s/jost/v20/92zatBhPNqw73oTd4jQmfxI.woff2 was preloaded using link preload but not used within a few seconds from the window's load event. Please make sure it has an appropriate `as` value and it is preloaded intentionally. @ https://www.velasca.com/:0
[  162201ms] [WARNING] The resource https://fonts.gstatic.com/s/jost/v20/92zatBhPNqw73oTd4jQmfxI.woff2 was preloaded using link preload but not used within a few seconds from the window's load event. Please make sure it has an appropriate `as` value and it is preloaded intentionally. @ https://www.velasca.com/:0
[  186502ms] [WARNING] The resource https://fonts.gstatic.com/s/jost/v20/92zatBhPNqw73oTd4jQmfxI.woff2 was preloaded using link preload but not used within a few seconds from the window's load event. Please make sure it has an appropriate `as` value and it is preloaded intentionally. @ https://www.velasca.com/:0
[  192207ms] [WARNING] The resource https://fonts.gstatic.com/s/jost/v20/92zatBhPNqw73oTd4jQmfxI.woff2 was preloaded using link preload but not used within a few seconds from the window's load event. Please make sure it has an appropriate `as` value and it is preloaded intentionally. @ https://www.velasca.com/:0
[  200864ms] [WARNING] The resource https://fonts.gstatic.com/s/jost/v20/92zatBhPNqw73oTd4jQmfxI.woff2 was preloaded using link preload but not used within a few seconds from the window's load event. Please make sure it has an appropriate `as` value and it is preloaded intentionally. @ https://www.velasca.com/:0
[  222312ms] [WARNING] The resource https://fonts.gstatic.com/s/jost/v20/92zatBhPNqw73oTd4jQmfxI.woff2 was preloaded using link preload but not used within a few seconds from the window's load event. Please make sure it has an appropriate `as` value and it is preloaded intentionally. @ https://www.velasca.com/:0
[  252218ms] [WARNING] The resource https://fonts.gstatic.com/s/jost/v20/92zatBhPNqw73oTd4jQmfxI.woff2 was preloaded using link preload but not used within a few seconds from the window's load event. Please make sure it has an appropriate `as` value and it is preloaded intentionally. @ https://www.velasca.com/:0
[  261731ms] [WARNING] The resource https://fonts.gstatic.com/s/jost/v20/92zatBhPNqw73oTd4jQmfxI.woff2 was preloaded using link preload but not used within a few seconds from the window's load event. Please make sure it has an appropriate `as` value and it is preloaded intentionally. @ https://www.velasca.com/:0
[  282301ms] [WARNING] The resource https://fonts.gstatic.com/s/jost/v20/92zatBhPNqw73oTd4jQmfxI.woff2 was preloaded using link preload but not used within a few seconds from the window's load event. Please make sure it has an appropriate `as` value and it is preloaded intentionally. @ https://www.velasca.com/:0
[  288227ms] [WARNING] The resource https://fonts.gstatic.com/s/jost/v20/92zatBhPNqw73oTd4jQmfxI.woff2 was preloaded using link preload but not used within a few seconds from the window's load event. Please make sure it has an appropriate `as` value and it is preloaded intentionally. @ https://www.velasca.com/:0
[  312245ms] [WARNING] The resource https://fonts.gstatic.com/s/jost/v20/92zatBhPNqw73oTd4jQmfxI.woff2 was preloaded using link preload but not used within a few seconds from the window's load event. Please make sure it has an appropriate `as` value and it is preloaded intentionally. @ https://www.velasca.com/:0
[  322819ms] [WARNING] The resource https://fonts.gstatic.com/s/jost/v20/92zatBhPNqw73oTd4jQmfxI.woff2 was preloaded using link preload but not used within a few seconds from the window's load event. Please make sure it has an appropriate `as` value and it is preloaded intentionally. @ https://www.velasca.com/:0
[  342919ms] [WARNING] The resource https://fonts.gstatic.com/s/jost/v20/92zatBhPNqw73oTd4jQmfxI.woff2 was preloaded using link preload but not used within a few seconds from the window's load event. Please make sure it has an appropriate `as` value and it is preloaded intentionally. @ https://www.velasca.com/:0
[  372238ms] [WARNING] The resource https://fonts.gstatic.com/s/jost/v20/92zatBhPNqw73oTd4jQmfxI.woff2 was preloaded using link preload but not used within a few seconds from the window's load event. Please make sure it has an appropriate `as` value and it is preloaded intentionally. @ https://www.velasca.com/:0
[  383695ms] [WARNING] The resource https://fonts.gstatic.com/s/jost/v20/92zatBhPNqw73oTd4jQmfxI.woff2 was preloaded using link preload but not used within a few seconds from the window's load event. Please make sure it has an appropriate `as` value and it is preloaded intentionally. @ https://www.velasca.com/:0
[  402241ms] [WARNING] The resource https://fonts.gstatic.com/s/jost/v20/92zatBhPNqw73oTd4jQmfxI.woff2 was preloaded using link preload but not used within a few seconds from the window's load event. Please make sure it has an appropriate `as` value and it is preloaded intentionally. @ https://www.velasca.com/:0
[  432246ms] [WARNING] The resource https://fonts.gstatic.com/s/jost/v20/92zatBhPNqw73oTd4jQmfxI.woff2 was preloaded using link preload but not used within a few seconds from the window's load event. Please make sure it has an appropriate `as` value and it is preloaded intentionally. @ https://www.velasca.com/:0
[  445487ms] [WARNING] The resource https://fonts.gstatic.com/s/jost/v20/92zatBhPNqw73oTd4jQmfxI.woff2 was preloaded using link preload but not used within a few seconds from the window's load event. Please make sure it has an appropriate `as` value and it is preloaded intentionally. @ https://www.velasca.com/:0
[  462338ms] [WARNING] The resource https://fonts.gstatic.com/s/jost/v20/92zatBhPNqw73oTd4jQmfxI.woff2 was preloaded using link preload but not used within a few seconds from the window's load event. Please make sure it has an appropriate `as` value and it is preloaded intentionally. @ https://www.velasca.com/:0
[  492293ms] [WARNING] The resource https://fonts.gstatic.com/s/jost/v20/92zatBhPNqw73oTd4jQmfxI.woff2 was preloaded using link preload but not used within a few seconds from the window's load event. Please make sure it has an appropriate `as` value and it is preloaded intentionally. @ https://www.velasca.com/:0
[  522278ms] [WARNING] The resource https://fonts.gstatic.com/s/jost/v20/92zatBhPNqw73oTd4jQmfxI.woff2 was preloaded using link preload but not used within a few seconds from the window's load event. Please make sure it has an appropriate `as` value and it is preloaded intentionally. @ https://www.velasca.com/:0
[  552328ms] [WARNING] The resource https://fonts.gstatic.com/s/jost/v20/92zatBhPNqw73oTd4jQmfxI.woff2 was preloaded using link preload but not used within a few seconds from the window's load event. Please make sure it has an appropriate `as` value and it is preloaded intentionally. @ https://www.velasca.com/:0
[  582346ms] [WARNING] The resource https://fonts.gstatic.com/s/jost/v20/92zatBhPNqw73oTd4jQmfxI.woff2 was preloaded using link preload but not used within a few seconds from the window's load event. Please make sure it has an appropriate `as` value and it is preloaded intentionally. @ https://www.velasca.com/:0
[  612299ms] [WARNING] The resource https://fonts.gstatic.com/s/jost/v20/92zatBhPNqw73oTd4jQmfxI.woff2 was preloaded using link preload but not used within a few seconds from the window's load event. Please make sure it has an appropriate `as` value and it is preloaded intentionally. @ https://www.velasca.com/:0
[  642317ms] [WARNING] The resource https://fonts.gstatic.com/s/jost/v20/92zatBhPNqw73oTd4jQmfxI.woff2 was preloaded using link preload but not used within a few seconds from the window's load event. Please make sure it has an appropriate `as` value and it is preloaded intentionally. @ https://www.velasca.com/:0
[  672617ms] [WARNING] The resource https://fonts.gstatic.com/s/jost/v20/92zatBhPNqw73oTd4jQmfxI.woff2 was preloaded using link preload but not used within a few seconds from the window's load event. Please make sure it has an appropriate `as` value and it is preloaded intentionally. @ https://www.velasca.com/:0
[  702335ms] [WARNING] The resource https://fonts.gstatic.com/s/jost/v20/92zatBhPNqw73oTd4jQmfxI.woff2 was preloaded using link preload but not used within a few seconds from the window's load event. Please make sure it has an appropriate `as` value and it is preloaded intentionally. @ https://www.velasca.com/:0
[  732353ms] [WARNING] The resource https://fonts.gstatic.com/s/jost/v20/92zatBhPNqw73oTd4jQmfxI.woff2 was preloaded using link preload but not used within a few seconds from the window's load event. Please make sure it has an appropriate `as` value and it is preloaded intentionally. @ https://www.velasca.com/:0
[  762338ms] [WARNING] The resource https://fonts.gstatic.com/s/jost/v20/92zatBhPNqw73oTd4jQmfxI.woff2 was preloaded using link preload but not used within a few seconds from the window's load event. Please make sure it has an appropriate `as` value and it is preloaded intentionally. @ https://www.velasca.com/:0
[  792387ms] [WARNING] The resource https://fonts.gstatic.com/s/jost/v20/92zatBhPNqw73oTd4jQmfxI.woff2 was preloaded using link preload but not used within a few seconds from the window's load event. Please make sure it has an appropriate `as` value and it is preloaded intentionally. @ https://www.velasca.com/:0
[  822359ms] [WARNING] The resource https://fonts.gstatic.com/s/jost/v20/92zatBhPNqw73oTd4jQmfxI.woff2 was preloaded using link preload but not used within a few seconds from the window's load event. Please make sure it has an appropriate `as` value and it is preloaded intentionally. @ https://www.velasca.com/:0
[  852376ms] [WARNING] The resource https://fonts.gstatic.com/s/jost/v20/92zatBhPNqw73oTd4jQmfxI.woff2 was preloaded using link preload but not used within a few seconds from the window's load event. Please make sure it has an appropriate `as` value and it is preloaded intentionally. @ https://www.velasca.com/:0
[  882377ms] [WARNING] The resource https://fonts.gstatic.com/s/jost/v20/92zatBhPNqw73oTd4jQmfxI.woff2 was preloaded using link preload but not used within a few seconds from the window's load event. Please make sure it has an appropriate `as` value and it is preloaded intentionally. @ https://www.velasca.com/:0
[  912379ms] [WARNING] The resource https://fonts.gstatic.com/s/jost/v20/92zatBhPNqw73oTd4jQmfxI.woff2 was preloaded using link preload but not used within a few seconds from the window's load event. Please make sure it has an appropriate `as` value and it is preloaded intentionally. @ https://www.velasca.com/:0
[  951993ms] [WARNING] The resource https://fonts.gstatic.com/s/jost/v20/92zatBhPNqw73oTd4jQmfxI.woff2 was preloaded using link preload but not used within a few seconds from the window's load event. Please make sure it has an appropriate `as` value and it is preloaded intentionally. @ https://www.velasca.com/:0
[  962774ms] [ERROR] Failed to load resource: net::ERR_ADDRESS_UNREACHABLE @ https://bam.eu01.nr-data.net/jserrors/1/NRJS-f085117791fa30955df?a=538678497&sa=1&v=1.278.3&t=Unnamed%20Transaction&rst=939294&ck=0&s=4f6fff44f003b64d&ref=https://www.velasca.com/&ptid=4765325e5f56f8ba:0
[  962790ms] [ERROR] WebSocket connection to 'wss://widget-mediator.zopim.com/s/W/ws/CmvZmAIukNPH31nR/c/1780059223897' failed: Error in connection establishment: net::ERR_NAME_NOT_RESOLVED @ https://static.zdassets.com/web_widget/classic/latest/web-widget-chat-sdk-9def758.js:1
[  962790ms] [ERROR] WebSocket connection to 'wss://widget-mediator.zopim.com/s/W/ws/CmvZmAIukNPH31nR/c/1780059232912' failed: Error in connection establishment: net::ERR_NAME_NOT_RESOLVED @ https://static.zdassets.com/web_widget/classic/latest/web-widget-chat-sdk-9def758.js:1
[  965780ms] [WARNING] The resource https://fonts.gstatic.com/s/jost/v20/92zatBhPNqw73oTd4jQmfxI.woff2 was preloaded using link preload but not used within a few seconds from the window's load event. Please make sure it has an appropriate `as` value and it is preloaded intentionally. @ https://www.velasca.com/:0
[  976892ms] [WARNING] The resource https://fonts.gstatic.com/s/jost/v20/92zatBhPNqw73oTd4jQmfxI.woff2 was preloaded using link preload but not used within a few seconds from the window's load event. Please make sure it has an appropriate `as` value and it is preloaded intentionally. @ https://www.velasca.com/:0
[  991827ms] [WARNING] The resource https://fonts.gstatic.com/s/jost/v20/92zatBhPNqw73oTd4jQmfxI.woff2 was preloaded using link preload but not used within a few seconds from the window's load event. Please make sure it has an appropriate `as` value and it is preloaded intentionally. @ https://www.velasca.com/:0
[ 1002573ms] [WARNING] The resource https://fonts.gstatic.com/s/jost/v20/92zatBhPNqw73oTd4jQmfxI.woff2 was preloaded using link preload but not used within a few seconds from the window's load event. Please make sure it has an appropriate `as` value and it is preloaded intentionally. @ https://www.velasca.com/:0
[ 1006835ms] [WARNING] The resource https://fonts.gstatic.com/s/jost/v20/92zatBhPNqw73oTd4jQmfxI.woff2 was preloaded using link preload but not used within a few seconds from the window's load event. Please make sure it has an appropriate `as` value and it is preloaded intentionally. @ https://www.velasca.com/:0
[ 1022551ms] [WARNING] The resource https://fonts.gstatic.com/s/jost/v20/92zatBhPNqw73oTd4jQmfxI.woff2 was preloaded using link preload but not used within a few seconds from the window's load event. Please make sure it has an appropriate `as` value and it is preloaded intentionally. @ https://www.velasca.com/:0
[ 1032432ms] [WARNING] The resource https://fonts.gstatic.com/s/jost/v20/92zatBhPNqw73oTd4jQmfxI.woff2 was preloaded using link preload but not used within a few seconds from the window's load event. Please make sure it has an appropriate `as` value and it is preloaded intentionally. @ https://www.velasca.com/:0
[ 1041625ms] [WARNING] The resource https://fonts.gstatic.com/s/jost/v20/92zatBhPNqw73oTd4jQmfxI.woff2 was preloaded using link preload but not used within a few seconds from the window's load event. Please make sure it has an appropriate `as` value and it is preloaded intentionally. @ https://www.velasca.com/:0
[ 1049750ms] [WARNING] The resource https://fonts.gstatic.com/s/jost/v20/92zatBhPNqw73oTd4jQmfxI.woff2 was preloaded using link preload but not used within a few seconds from the window's load event. Please make sure it has an appropriate `as` value and it is preloaded intentionally. @ https://www.velasca.com/:0
[ 1051969ms] [ERROR] Failed to load resource: net::ERR_NAME_NOT_RESOLVED @ https://widget-mediator.zopim.com/s/W/xdds/CmvZmAIukNPH31nR/c/1780059323679:0
[ 1054972ms] [WARNING] The resource https://fonts.gstatic.com/s/jost/v20/92zatBhPNqw73oTd4jQmfxI.woff2 was preloaded using link preload but not used within a few seconds from the window's load event. Please make sure it has an appropriate `as` value and it is preloaded intentionally. @ https://www.velasca.com/:0
[ 1065308ms] [ERROR] Failed to load resource: net::ERR_ADDRESS_UNREACHABLE @ https://bam.eu01.nr-data.net/jserrors/1/NRJS-f085117791fa30955df?a=538678497&sa=1&v=1.278.3&t=Unnamed%20Transaction&rst=1059347&ck=0&s=4f6fff44f003b64d&ref=https://www.velasca.com/&ptid=4765325e5f56f8ba:0
[ 1065336ms] [ERROR] WebSocket connection to 'wss://widget-mediator.zopim.com/s/W/ws/CmvZmAIukNPH31nR/c/1780059340789' failed: Error in connection establishment: net::ERR_NAME_NOT_RESOLVED @ https://static.zdassets.com/web_widget/classic/latest/web-widget-chat-sdk-9def758.js:1
[ 1068320ms] [WARNING] The resource https://fonts.gstatic.com/s/jost/v20/92zatBhPNqw73oTd4jQmfxI.woff2 was preloaded using link preload but not used within a few seconds from the window's load event. Please make sure it has an appropriate `as` value and it is preloaded intentionally. @ https://www.velasca.com/:0
[ 1079279ms] [WARNING] The resource https://fonts.gstatic.com/s/jost/v20/92zatBhPNqw73oTd4jQmfxI.woff2 was preloaded using link preload but not used within a few seconds from the window's load event. Please make sure it has an appropriate `as` value and it is preloaded intentionally. @ https://www.velasca.com/:0
[ 1094225ms] [WARNING] The resource https://fonts.gstatic.com/s/jost/v20/92zatBhPNqw73oTd4jQmfxI.woff2 was preloaded using link preload but not used within a few seconds from the window's load event. Please make sure it has an appropriate `as` value and it is preloaded intentionally. @ https://www.velasca.com/:0
[ 1109217ms] [WARNING] The resource https://fonts.gstatic.com/s/jost/v20/92zatBhPNqw73oTd4jQmfxI.woff2 was preloaded using link preload but not used within a few seconds from the window's load event. Please make sure it has an appropriate `as` value and it is preloaded intentionally. @ https://www.velasca.com/:0
[ 1124257ms] [WARNING] The resource https://fonts.gstatic.com/s/jost/v20/92zatBhPNqw73oTd4jQmfxI.woff2 was preloaded using link preload but not used within a few seconds from the window's load event. Please make sure it has an appropriate `as` value and it is preloaded intentionally. @ https://www.velasca.com/:0
[ 1139478ms] [WARNING] The resource https://fonts.gstatic.com/s/jost/v20/92zatBhPNqw73oTd4jQmfxI.woff2 was preloaded using link preload but not used within a few seconds from the window's load event. Please make sure it has an appropriate `as` value and it is preloaded intentionally. @ https://www.velasca.com/:0
[ 1154307ms] [WARNING] The resource https://fonts.gstatic.com/s/jost/v20/92zatBhPNqw73oTd4jQmfxI.woff2 was preloaded using link preload but not used within a few seconds from the window's load event. Please make sure it has an appropriate `as` value and it is preloaded intentionally. @ https://www.velasca.com/:0
[ 1169325ms] [WARNING] The resource https://fonts.gstatic.com/s/jost/v20/92zatBhPNqw73oTd4jQmfxI.woff2 was preloaded using link preload but not used within a few seconds from the window's load event. Please make sure it has an appropriate `as` value and it is preloaded intentionally. @ https://www.velasca.com/:0
[ 1184358ms] [WARNING] The resource https://fonts.gstatic.com/s/jost/v20/92zatBhPNqw73oTd4jQmfxI.woff2 was preloaded using link preload but not used within a few seconds from the window's load event. Please make sure it has an appropriate `as` value and it is preloaded intentionally. @ https://www.velasca.com/:0
[ 1199478ms] [WARNING] The resource https://fonts.gstatic.com/s/jost/v20/92zatBhPNqw73oTd4jQmfxI.woff2 was preloaded using link preload but not used within a few seconds from the window's load event. Please make sure it has an appropriate `as` value and it is preloaded intentionally. @ https://www.velasca.com/:0
[ 1214398ms] [WARNING] The resource https://fonts.gstatic.com/s/jost/v20/92zatBhPNqw73oTd4jQmfxI.woff2 was preloaded using link preload but not used within a few seconds from the window's load event. Please make sure it has an appropriate `as` value and it is preloaded intentionally. @ https://www.velasca.com/:0
[ 1229429ms] [WARNING] The resource https://fonts.gstatic.com/s/jost/v20/92zatBhPNqw73oTd4jQmfxI.woff2 was preloaded using link preload but not used within a few seconds from the window's load event. Please make sure it has an appropriate `as` value and it is preloaded intentionally. @ https://www.velasca.com/:0
[ 1244445ms] [WARNING] The resource https://fonts.gstatic.com/s/jost/v20/92zatBhPNqw73oTd4jQmfxI.woff2 was preloaded using link preload but not used within a few seconds from the window's load event. Please make sure it has an appropriate `as` value and it is preloaded intentionally. @ https://www.velasca.com/:0
[ 1259554ms] [WARNING] The resource https://fonts.gstatic.com/s/jost/v20/92zatBhPNqw73oTd4jQmfxI.woff2 was preloaded using link preload but not used within a few seconds from the window's load event. Please make sure it has an appropriate `as` value and it is preloaded intentionally. @ https://www.velasca.com/:0
[ 1274499ms] [WARNING] The resource https://fonts.gstatic.com/s/jost/v20/92zatBhPNqw73oTd4jQmfxI.woff2 was preloaded using link preload but not used within a few seconds from the window's load event. Please make sure it has an appropriate `as` value and it is preloaded intentionally. @ https://www.velasca.com/:0
[ 1289519ms] [WARNING] The resource https://fonts.gstatic.com/s/jost/v20/92zatBhPNqw73oTd4jQmfxI.woff2 was preloaded using link preload but not used within a few seconds from the window's load event. Please make sure it has an appropriate `as` value and it is preloaded intentionally. @ https://www.velasca.com/:0
[ 1304541ms] [WARNING] The resource https://fonts.gstatic.com/s/jost/v20/92zatBhPNqw73oTd4jQmfxI.woff2 was preloaded using link preload but not used within a few seconds from the window's load event. Please make sure it has an appropriate `as` value and it is preloaded intentionally. @ https://www.velasca.com/:0
[ 1319617ms] [WARNING] The resource https://fonts.gstatic.com/s/jost/v20/92zatBhPNqw73oTd4jQmfxI.woff2 was preloaded using link preload but not used within a few seconds from the window's load event. Please make sure it has an appropriate `as` value and it is preloaded intentionally. @ https://www.velasca.com/:0
[ 1334590ms] [WARNING] The resource https://fonts.gstatic.com/s/jost/v20/92zatBhPNqw73oTd4jQmfxI.woff2 was preloaded using link preload but not used within a few seconds from the window's load event. Please make sure it has an appropriate `as` value and it is preloaded intentionally. @ https://www.velasca.com/:0
[ 1349616ms] [WARNING] The resource https://fonts.gstatic.com/s/jost/v20/92zatBhPNqw73oTd4jQmfxI.woff2 was preloaded using link preload but not used within a few seconds from the window's load event. Please make sure it has an appropriate `as` value and it is preloaded intentionally. @ https://www.velasca.com/:0
[ 1364639ms] [WARNING] The resource https://fonts.gstatic.com/s/jost/v20/92zatBhPNqw73oTd4jQmfxI.woff2 was preloaded using link preload but not used within a few seconds from the window's load event. Please make sure it has an appropriate `as` value and it is preloaded intentionally. @ https://www.velasca.com/:0
[ 1379694ms] [WARNING] The resource https://fonts.gstatic.com/s/jost/v20/92zatBhPNqw73oTd4jQmfxI.woff2 was preloaded using link preload but not used within a few seconds from the window's load event. Please make sure it has an appropriate `as` value and it is preloaded intentionally. @ https://www.velasca.com/:0
[ 1394693ms] [WARNING] The resource https://fonts.gstatic.com/s/jost/v20/92zatBhPNqw73oTd4jQmfxI.woff2 was preloaded using link preload but not used within a few seconds from the window's load event. Please make sure it has an appropriate `as` value and it is preloaded intentionally. @ https://www.velasca.com/:0
[ 1409712ms] [WARNING] The resource https://fonts.gstatic.com/s/jost/v20/92zatBhPNqw73oTd4jQmfxI.woff2 was preloaded using link preload but not used within a few seconds from the window's load event. Please make sure it has an appropriate `as` value and it is preloaded intentionally. @ https://www.velasca.com/:0
[ 1424721ms] [WARNING] The resource https://fonts.gstatic.com/s/jost/v20/92zatBhPNqw73oTd4jQmfxI.woff2 was preloaded using link preload but not used within a few seconds from the window's load event. Please make sure it has an appropriate `as` value and it is preloaded intentionally. @ https://www.velasca.com/:0
[ 1440000ms] [WARNING] The resource https://fonts.gstatic.com/s/jost/v20/92zatBhPNqw73oTd4jQmfxI.woff2 was preloaded using link preload but not used within a few seconds from the window's load event. Please make sure it has an appropriate `as` value and it is preloaded intentionally. @ https://www.velasca.com/:0
[ 1454779ms] [WARNING] The resource https://fonts.gstatic.com/s/jost/v20/92zatBhPNqw73oTd4jQmfxI.woff2 was preloaded using link preload but not used within a few seconds from the window's load event. Please make sure it has an appropriate `as` value and it is preloaded intentionally. @ https://www.velasca.com/:0
[ 1469791ms] [WARNING] The resource https://fonts.gstatic.com/s/jost/v20/92zatBhPNqw73oTd4jQmfxI.woff2 was preloaded using link preload but not used within a few seconds from the window's load event. Please make sure it has an appropriate `as` value and it is preloaded intentionally. @ https://www.velasca.com/:0
[ 1484803ms] [WARNING] The resource https://fonts.gstatic.com/s/jost/v20/92zatBhPNqw73oTd4jQmfxI.woff2 was preloaded using link preload but not used within a few seconds from the window's load event. Please make sure it has an appropriate `as` value and it is preloaded intentionally. @ https://www.velasca.com/:0
[ 1499830ms] [WARNING] The resource https://fonts.gstatic.com/s/jost/v20/92zatBhPNqw73oTd4jQmfxI.woff2 was preloaded using link preload but not used within a few seconds from the window's load event. Please make sure it has an appropriate `as` value and it is preloaded intentionally. @ https://www.velasca.com/:0
[ 1514871ms] [WARNING] The resource https://fonts.gstatic.com/s/jost/v20/92zatBhPNqw73oTd4jQmfxI.woff2 was preloaded using link preload but not used within a few seconds from the window's load event. Please make sure it has an appropriate `as` value and it is preloaded intentionally. @ https://www.velasca.com/:0
[ 1529900ms] [WARNING] The resource https://fonts.gstatic.com/s/jost/v20/92zatBhPNqw73oTd4jQmfxI.woff2 was preloaded using link preload but not used within a few seconds from the window's load event. Please make sure it has an appropriate `as` value and it is preloaded intentionally. @ https://www.velasca.com/:0
